{"level":"info","message":"3000","timestamp":"2018-12-21T18:48:22.820Z"}
{"level":"info","message":"connected...","timestamp":"2018-12-21T18:48:23.889Z"}
{"message":"ffff","stack":"Error: ffff\n    at module.exports.get (C:\\Users\\ahmad\\job-demo\\controllers\\jobsCntroller.js:5:11)\n    at C:\\Users\\ahmad\\job-demo\\node_modules\\express-async-errors\\index.js:17:20\n    at Layer.handle [as handle_request] (C:\\Users\\ahmad\\job-demo\\node_modules\\express\\lib\\router\\layer.js:95:5)\n    at next (C:\\Users\\ahmad\\job-demo\\node_modules\\express\\lib\\router\\route.js:137:13)\n    at Route.dispatch (C:\\Users\\ahmad\\job-demo\\node_modules\\express\\lib\\router\\route.js:112:3)\n    at C:\\Users\\ahmad\\job-demo\\node_modules\\express-async-errors\\index.js:17:20\n    at Layer.handle [as handle_request] (C:\\Users\\ahmad\\job-demo\\node_modules\\express\\lib\\router\\layer.js:95:5)\n    at C:\\Users\\ahmad\\job-demo\\node_modules\\express\\lib\\router\\index.js:281:22\n    at Function.process_params (C:\\Users\\ahmad\\job-demo\\node_modules\\express\\lib\\router\\index.js:335:12)\n    at next (C:\\Users\\ahmad\\job-demo\\node_modules\\express\\lib\\router\\index.js:275:10)\n    at Function.handle (C:\\Users\\ahmad\\job-demo\\node_modules\\express\\lib\\router\\index.js:174:3)\n    at router (C:\\Users\\ahmad\\job-demo\\node_modules\\express\\lib\\router\\index.js:47:12)\n    at C:\\Users\\ahmad\\job-demo\\node_modules\\express-async-errors\\index.js:17:20\n    at Layer.handle [as handle_request] (C:\\Users\\ahmad\\job-demo\\node_modules\\express\\lib\\router\\layer.js:95:5)\n    at trim_prefix (C:\\Users\\ahmad\\job-demo\\node_modules\\express\\lib\\router\\index.js:317:13)\n    at C:\\Users\\ahmad\\job-demo\\node_modules\\express\\lib\\router\\index.js:284:7","level":"error","timestamp":"2018-12-21T18:48:26.398Z"}
{"level":"info","message":"3000","timestamp":"2018-12-21T18:49:06.479Z"}
{"level":"info","message":"connected...","timestamp":"2018-12-21T18:49:07.537Z"}
{"level":"info","message":"3000","timestamp":"2018-12-22T16:22:36.714Z"}
{"level":"info","message":"connected...","timestamp":"2018-12-22T16:22:37.817Z"}
{"level":"info","message":"3000","timestamp":"2018-12-22T16:27:29.932Z"}
{"level":"info","message":"connected...","timestamp":"2018-12-22T16:27:30.989Z"}
{"level":"info","message":"3000","timestamp":"2018-12-22T16:34:19.004Z"}
{"level":"info","message":"connected...","timestamp":"2018-12-22T16:34:20.094Z"}
{"level":"info","message":"3000","timestamp":"2018-12-22T16:37:18.569Z"}
{"level":"info","message":"connected...","timestamp":"2018-12-22T16:37:19.640Z"}
{"level":"info","message":"3000","timestamp":"2018-12-24T15:14:41.747Z"}
{"level":"info","message":"connected...","timestamp":"2018-12-24T15:14:42.802Z"}
{"level":"info","message":"3000","timestamp":"2018-12-24T15:18:56.001Z"}
{"level":"info","message":"connected...","timestamp":"2018-12-24T15:18:57.093Z"}
{"level":"info","message":"3000","timestamp":"2018-12-24T15:30:49.712Z"}
{"level":"info","message":"connected...","timestamp":"2018-12-24T15:30:50.766Z"}
{"level":"info","message":"3000","timestamp":"2018-12-24T16:40:18.172Z"}
{"level":"info","message":"connected...","timestamp":"2018-12-24T16:40:19.254Z"}
{"message":"Cannot destructure property `error` of 'undefined' or 'null'.","stack":"TypeError: Cannot destructure property `error` of 'undefined' or 'null'.\n    at module.exports.post (C:\\Users\\ahmad\\job-demo\\controllers\\applyJobsController.js:22:19)\n    at C:\\Users\\ahmad\\job-demo\\node_modules\\express-async-errors\\index.js:17:20\n    at Layer.handle [as handle_request] (C:\\Users\\ahmad\\job-demo\\node_modules\\express\\lib\\router\\layer.js:95:5)\n    at next (C:\\Users\\ahmad\\job-demo\\node_modules\\express\\lib\\router\\route.js:137:13)\n    at Route.dispatch (C:\\Users\\ahmad\\job-demo\\node_modules\\express\\lib\\router\\route.js:112:3)\n    at C:\\Users\\ahmad\\job-demo\\node_modules\\express-async-errors\\index.js:17:20\n    at Layer.handle [as handle_request] (C:\\Users\\ahmad\\job-demo\\node_modules\\express\\lib\\router\\layer.js:95:5)\n    at C:\\Users\\ahmad\\job-demo\\node_modules\\express\\lib\\router\\index.js:281:22\n    at Function.process_params (C:\\Users\\ahmad\\job-demo\\node_modules\\express\\lib\\router\\index.js:335:12)\n    at next (C:\\Users\\ahmad\\job-demo\\node_modules\\express\\lib\\router\\index.js:275:10)\n    at Function.handle (C:\\Users\\ahmad\\job-demo\\node_modules\\express\\lib\\router\\index.js:174:3)\n    at router (C:\\Users\\ahmad\\job-demo\\node_modules\\express\\lib\\router\\index.js:47:12)\n    at C:\\Users\\ahmad\\job-demo\\node_modules\\express-async-errors\\index.js:17:20\n    at Layer.handle [as handle_request] (C:\\Users\\ahmad\\job-demo\\node_modules\\express\\lib\\router\\layer.js:95:5)\n    at trim_prefix (C:\\Users\\ahmad\\job-demo\\node_modules\\express\\lib\\router\\index.js:317:13)\n    at C:\\Users\\ahmad\\job-demo\\node_modules\\express\\lib\\router\\index.js:284:7","level":"error","timestamp":"2018-12-24T16:40:24.286Z"}
{"level":"info","message":"3000","timestamp":"2018-12-24T16:42:23.782Z"}
{"level":"info","message":"connected...","timestamp":"2018-12-24T16:42:24.861Z"}
{"message":"Cannot destructure property `error` of 'undefined' or 'null'.","stack":"TypeError: Cannot destructure property `error` of 'undefined' or 'null'.\n    at module.exports.post (C:\\Users\\ahmad\\job-demo\\controllers\\applyJobsController.js:22:19)\n    at C:\\Users\\ahmad\\job-demo\\node_modules\\express-async-errors\\index.js:17:20\n    at Layer.handle [as handle_request] (C:\\Users\\ahmad\\job-demo\\node_modules\\express\\lib\\router\\layer.js:95:5)\n    at next (C:\\Users\\ahmad\\job-demo\\node_modules\\express\\lib\\router\\route.js:137:13)\n    at Route.dispatch (C:\\Users\\ahmad\\job-demo\\node_modules\\express\\lib\\router\\route.js:112:3)\n    at C:\\Users\\ahmad\\job-demo\\node_modules\\express-async-errors\\index.js:17:20\n    at Layer.handle [as handle_request] (C:\\Users\\ahmad\\job-demo\\node_modules\\express\\lib\\router\\layer.js:95:5)\n    at C:\\Users\\ahmad\\job-demo\\node_modules\\express\\lib\\router\\index.js:281:22\n    at Function.process_params (C:\\Users\\ahmad\\job-demo\\node_modules\\express\\lib\\router\\index.js:335:12)\n    at next (C:\\Users\\ahmad\\job-demo\\node_modules\\express\\lib\\router\\index.js:275:10)\n    at Function.handle (C:\\Users\\ahmad\\job-demo\\node_modules\\express\\lib\\router\\index.js:174:3)\n    at router (C:\\Users\\ahmad\\job-demo\\node_modules\\express\\lib\\router\\index.js:47:12)\n    at C:\\Users\\ahmad\\job-demo\\node_modules\\express-async-errors\\index.js:17:20\n    at Layer.handle [as handle_request] (C:\\Users\\ahmad\\job-demo\\node_modules\\express\\lib\\router\\layer.js:95:5)\n    at trim_prefix (C:\\Users\\ahmad\\job-demo\\node_modules\\express\\lib\\router\\index.js:317:13)\n    at C:\\Users\\ahmad\\job-demo\\node_modules\\express\\lib\\router\\index.js:284:7","level":"error","timestamp":"2018-12-24T16:42:29.360Z"}
{"level":"info","message":"3000","timestamp":"2018-12-24T16:43:37.565Z"}
{"level":"info","message":"connected...","timestamp":"2018-12-24T16:43:38.627Z"}
{"message":"Cannot destructure property `error` of 'undefined' or 'null'.","stack":"TypeError: Cannot destructure property `error` of 'undefined' or 'null'.\n    at module.exports.post (C:\\Users\\ahmad\\job-demo\\controllers\\applyJobsController.js:22:19)\n    at C:\\Users\\ahmad\\job-demo\\node_modules\\express-async-errors\\index.js:17:20\n    at Layer.handle [as handle_request] (C:\\Users\\ahmad\\job-demo\\node_modules\\express\\lib\\router\\layer.js:95:5)\n    at next (C:\\Users\\ahmad\\job-demo\\node_modules\\express\\lib\\router\\route.js:137:13)\n    at Route.dispatch (C:\\Users\\ahmad\\job-demo\\node_modules\\express\\lib\\router\\route.js:112:3)\n    at C:\\Users\\ahmad\\job-demo\\node_modules\\express-async-errors\\index.js:17:20\n    at Layer.handle [as handle_request] (C:\\Users\\ahmad\\job-demo\\node_modules\\express\\lib\\router\\layer.js:95:5)\n    at C:\\Users\\ahmad\\job-demo\\node_modules\\express\\lib\\router\\index.js:281:22\n    at Function.process_params (C:\\Users\\ahmad\\job-demo\\node_modules\\express\\lib\\router\\index.js:335:12)\n    at next (C:\\Users\\ahmad\\job-demo\\node_modules\\express\\lib\\router\\index.js:275:10)\n    at Function.handle (C:\\Users\\ahmad\\job-demo\\node_modules\\express\\lib\\router\\index.js:174:3)\n    at router (C:\\Users\\ahmad\\job-demo\\node_modules\\express\\lib\\router\\index.js:47:12)\n    at C:\\Users\\ahmad\\job-demo\\node_modules\\express-async-errors\\index.js:17:20\n    at Layer.handle [as handle_request] (C:\\Users\\ahmad\\job-demo\\node_modules\\express\\lib\\router\\layer.js:95:5)\n    at trim_prefix (C:\\Users\\ahmad\\job-demo\\node_modules\\express\\lib\\router\\index.js:317:13)\n    at C:\\Users\\ahmad\\job-demo\\node_modules\\express\\lib\\router\\index.js:284:7","level":"error","timestamp":"2018-12-24T16:43:42.672Z"}
{"level":"info","message":"3000","timestamp":"2018-12-24T16:45:27.499Z"}
{"level":"info","message":"connected...","timestamp":"2018-12-24T16:45:28.623Z"}
{"message":"Cannot destructure property `error` of 'undefined' or 'null'.","stack":"TypeError: Cannot destructure property `error` of 'undefined' or 'null'.\n    at module.exports.post (C:\\Users\\ahmad\\job-demo\\controllers\\applyJobsController.js:22:19)\n    at C:\\Users\\ahmad\\job-demo\\node_modules\\express-async-errors\\index.js:17:20\n    at Layer.handle [as handle_request] (C:\\Users\\ahmad\\job-demo\\node_modules\\express\\lib\\router\\layer.js:95:5)\n    at next (C:\\Users\\ahmad\\job-demo\\node_modules\\express\\lib\\router\\route.js:137:13)\n    at Route.dispatch (C:\\Users\\ahmad\\job-demo\\node_modules\\express\\lib\\router\\route.js:112:3)\n    at C:\\Users\\ahmad\\job-demo\\node_modules\\express-async-errors\\index.js:17:20\n    at Layer.handle [as handle_request] (C:\\Users\\ahmad\\job-demo\\node_modules\\express\\lib\\router\\layer.js:95:5)\n    at C:\\Users\\ahmad\\job-demo\\node_modules\\express\\lib\\router\\index.js:281:22\n    at Function.process_params (C:\\Users\\ahmad\\job-demo\\node_modules\\express\\lib\\router\\index.js:335:12)\n    at next (C:\\Users\\ahmad\\job-demo\\node_modules\\express\\lib\\router\\index.js:275:10)\n    at Function.handle (C:\\Users\\ahmad\\job-demo\\node_modules\\express\\lib\\router\\index.js:174:3)\n    at router (C:\\Users\\ahmad\\job-demo\\node_modules\\express\\lib\\router\\index.js:47:12)\n    at C:\\Users\\ahmad\\job-demo\\node_modules\\express-async-errors\\index.js:17:20\n    at Layer.handle [as handle_request] (C:\\Users\\ahmad\\job-demo\\node_modules\\express\\lib\\router\\layer.js:95:5)\n    at trim_prefix (C:\\Users\\ahmad\\job-demo\\node_modules\\express\\lib\\router\\index.js:317:13)\n    at C:\\Users\\ahmad\\job-demo\\node_modules\\express\\lib\\router\\index.js:284:7","level":"error","timestamp":"2018-12-24T16:45:38.049Z"}
{"level":"info","message":"3000","timestamp":"2018-12-24T16:46:40.943Z"}
{"level":"info","message":"connected...","timestamp":"2018-12-24T16:46:41.981Z"}
{"message":"Cannot destructure property `error` of 'undefined' or 'null'.","stack":"TypeError: Cannot destructure property `error` of 'undefined' or 'null'.\n    at module.exports.post (C:\\Users\\ahmad\\job-demo\\controllers\\applyJobsController.js:22:19)\n    at C:\\Users\\ahmad\\job-demo\\node_modules\\express-async-errors\\index.js:17:20\n    at Layer.handle [as handle_request] (C:\\Users\\ahmad\\job-demo\\node_modules\\express\\lib\\router\\layer.js:95:5)\n    at next (C:\\Users\\ahmad\\job-demo\\node_modules\\express\\lib\\router\\route.js:137:13)\n    at Route.dispatch (C:\\Users\\ahmad\\job-demo\\node_modules\\express\\lib\\router\\route.js:112:3)\n    at C:\\Users\\ahmad\\job-demo\\node_modules\\express-async-errors\\index.js:17:20\n    at Layer.handle [as handle_request] (C:\\Users\\ahmad\\job-demo\\node_modules\\express\\lib\\router\\layer.js:95:5)\n    at C:\\Users\\ahmad\\job-demo\\node_modules\\express\\lib\\router\\index.js:281:22\n    at Function.process_params (C:\\Users\\ahmad\\job-demo\\node_modules\\express\\lib\\router\\index.js:335:12)\n    at next (C:\\Users\\ahmad\\job-demo\\node_modules\\express\\lib\\router\\index.js:275:10)\n    at Function.handle (C:\\Users\\ahmad\\job-demo\\node_modules\\express\\lib\\router\\index.js:174:3)\n    at router (C:\\Users\\ahmad\\job-demo\\node_modules\\express\\lib\\router\\index.js:47:12)\n    at C:\\Users\\ahmad\\job-demo\\node_modules\\express-async-errors\\index.js:17:20\n    at Layer.handle [as handle_request] (C:\\Users\\ahmad\\job-demo\\node_modules\\express\\lib\\router\\layer.js:95:5)\n    at trim_prefix (C:\\Users\\ahmad\\job-demo\\node_modules\\express\\lib\\router\\index.js:317:13)\n    at C:\\Users\\ahmad\\job-demo\\node_modules\\express\\lib\\router\\index.js:284:7","level":"error","timestamp":"2018-12-24T16:46:46.800Z"}
{"level":"info","message":"3000","timestamp":"2018-12-24T16:48:36.180Z"}
{"level":"info","message":"connected...","timestamp":"2018-12-24T16:48:37.231Z"}
{"level":"info","message":"3000","timestamp":"2018-12-24T16:49:34.969Z"}
{"level":"info","message":"connected...","timestamp":"2018-12-24T16:49:36.022Z"}
{"level":"info","message":"3000","timestamp":"2018-12-26T18:04:40.231Z"}
{"level":"info","message":"connected...","timestamp":"2018-12-26T18:04:41.362Z"}
{"level":"info","message":"3000","timestamp":"2018-12-26T18:13:42.640Z"}
{"level":"info","message":"connected...","timestamp":"2018-12-26T18:13:43.717Z"}
{"level":"info","message":"3000","timestamp":"2018-12-26T18:14:31.101Z"}
{"level":"info","message":"connected...","timestamp":"2018-12-26T18:14:32.164Z"}
{"level":"info","message":"3000","timestamp":"2018-12-26T18:15:14.546Z"}
{"level":"info","message":"connected...","timestamp":"2018-12-26T18:15:15.641Z"}
{"level":"info","message":"3000","timestamp":"2018-12-26T18:15:30.875Z"}
{"level":"info","message":"connected...","timestamp":"2018-12-26T18:15:31.934Z"}
{"message":"Can't set headers after they are sent.","stack":"Error: Can't set headers after they are sent.\n    at validateHeader (_http_outgoing.js:491:11)\n    at ServerResponse.setHeader (_http_outgoing.js:498:3)\n    at ServerResponse.header (C:\\Users\\ahmad\\job-demo\\node_modules\\express\\lib\\response.js:767:10)\n    at ServerResponse.send (C:\\Users\\ahmad\\job-demo\\node_modules\\express\\lib\\response.js:170:12)\n    at ServerResponse.json (C:\\Users\\ahmad\\job-demo\\node_modules\\express\\lib\\response.js:267:15)\n    at ServerResponse.send (C:\\Users\\ahmad\\job-demo\\node_modules\\express\\lib\\response.js:158:21)\n    at module.exports.post (C:\\Users\\ahmad\\job-demo\\controllers\\memberShipController\\rolesController.js:25:9)\n    at <anonymous>\n    at process._tickCallback (internal/process/next_tick.js:188:7)","level":"error","timestamp":"2018-12-26T18:15:34.734Z"}
{"level":"info","message":"3000","timestamp":"2018-12-26T18:20:02.709Z"}
{"level":"info","message":"connected...","timestamp":"2018-12-26T18:20:03.763Z"}
{"message":"Can't set headers after they are sent.","stack":"Error: Can't set headers after they are sent.\n    at validateHeader (_http_outgoing.js:491:11)\n    at ServerResponse.setHeader (_http_outgoing.js:498:3)\n    at ServerResponse.header (C:\\Users\\ahmad\\job-demo\\node_modules\\express\\lib\\response.js:767:10)\n    at ServerResponse.send (C:\\Users\\ahmad\\job-demo\\node_modules\\express\\lib\\response.js:170:12)\n    at ServerResponse.json (C:\\Users\\ahmad\\job-demo\\node_modules\\express\\lib\\response.js:267:15)\n    at ServerResponse.send (C:\\Users\\ahmad\\job-demo\\node_modules\\express\\lib\\response.js:158:21)\n    at module.exports.post (C:\\Users\\ahmad\\job-demo\\controllers\\memberShipController\\rolesController.js:25:9)\n    at <anonymous>\n    at process._tickCallback (internal/process/next_tick.js:188:7)","level":"error","timestamp":"2018-12-26T18:20:23.982Z"}
{"level":"info","message":"3000","timestamp":"2018-12-26T18:20:51.823Z"}
{"level":"info","message":"connected...","timestamp":"2018-12-26T18:20:52.902Z"}
{"level":"info","message":"3000","timestamp":"2018-12-26T18:31:55.435Z"}
{"level":"info","message":"connected...","timestamp":"2018-12-26T18:31:56.507Z"}
{"level":"info","message":"3000","timestamp":"2018-12-26T18:32:07.274Z"}
{"level":"info","message":"connected...","timestamp":"2018-12-26T18:32:08.356Z"}
{"level":"info","message":"3000","timestamp":"2018-12-26T18:33:42.455Z"}
{"level":"info","message":"connected...","timestamp":"2018-12-26T18:33:43.522Z"}
{"level":"info","message":"3000","timestamp":"2018-12-26T18:35:38.663Z"}
{"level":"info","message":"connected...","timestamp":"2018-12-26T18:35:39.718Z"}
{"level":"info","message":"3000","timestamp":"2018-12-27T09:24:23.737Z"}
{"level":"info","message":"connected...","timestamp":"2018-12-27T09:24:24.781Z"}
{"level":"info","message":"3000","timestamp":"2018-12-27T09:25:44.192Z"}
{"level":"info","message":"connected...","timestamp":"2018-12-27T09:25:45.250Z"}
{"level":"info","message":"3000","timestamp":"2018-12-27T09:27:17.296Z"}
{"level":"info","message":"connected...","timestamp":"2018-12-27T09:27:18.420Z"}
{"level":"info","message":"3000","timestamp":"2018-12-27T09:31:52.476Z"}
{"level":"info","message":"connected...","timestamp":"2018-12-27T09:31:53.517Z"}
{"message":"result.exec is not a function","stack":"TypeError: result.exec is not a function\n    at module.exports.post (C:\\Users\\ahmad\\job-demo\\controllers\\memberShipController\\rolesController.js:15:14)\n    at <anonymous>\n    at process._tickCallback (internal/process/next_tick.js:188:7)","level":"error","timestamp":"2018-12-27T09:31:56.975Z"}
{"level":"info","message":"3000","timestamp":"2018-12-27T09:32:59.917Z"}
{"level":"info","message":"connected...","timestamp":"2018-12-27T09:33:00.967Z"}
{"level":"info","message":"3000","timestamp":"2018-12-27T09:35:06.687Z"}
{"level":"info","message":"connected...","timestamp":"2018-12-27T09:35:07.745Z"}
{"level":"info","message":"3000","timestamp":"2018-12-27T12:56:56.502Z"}
{"level":"info","message":"connected...","timestamp":"2018-12-27T12:56:57.555Z"}
{"level":"info","message":"3000","timestamp":"2018-12-27T13:01:09.298Z"}
{"level":"info","message":"connected...","timestamp":"2018-12-27T13:01:10.345Z"}
{"message":"Joi.array(...).objectId is not a function","stack":"TypeError: Joi.array(...).objectId is not a function\n    at validation (C:\\Users\\ahmad\\job-demo\\model\\users.js:40:29)\n    at module.exports.post (C:\\Users\\ahmad\\job-demo\\controllers\\usersController.js:10:19)\n    at C:\\Users\\ahmad\\job-demo\\node_modules\\express-async-errors\\index.js:17:20\n    at Layer.handle [as handle_request] (C:\\Users\\ahmad\\job-demo\\node_modules\\express\\lib\\router\\layer.js:95:5)\n    at next (C:\\Users\\ahmad\\job-demo\\node_modules\\express\\lib\\router\\route.js:137:13)\n    at Route.dispatch (C:\\Users\\ahmad\\job-demo\\node_modules\\express\\lib\\router\\route.js:112:3)\n    at C:\\Users\\ahmad\\job-demo\\node_modules\\express-async-errors\\index.js:17:20\n    at Layer.handle [as handle_request] (C:\\Users\\ahmad\\job-demo\\node_modules\\express\\lib\\router\\layer.js:95:5)\n    at C:\\Users\\ahmad\\job-demo\\node_modules\\express\\lib\\router\\index.js:281:22\n    at Function.process_params (C:\\Users\\ahmad\\job-demo\\node_modules\\express\\lib\\router\\index.js:335:12)\n    at next (C:\\Users\\ahmad\\job-demo\\node_modules\\express\\lib\\router\\index.js:275:10)\n    at Function.handle (C:\\Users\\ahmad\\job-demo\\node_modules\\express\\lib\\router\\index.js:174:3)\n    at router (C:\\Users\\ahmad\\job-demo\\node_modules\\express\\lib\\router\\index.js:47:12)\n    at C:\\Users\\ahmad\\job-demo\\node_modules\\express-async-errors\\index.js:17:20\n    at Layer.handle [as handle_request] (C:\\Users\\ahmad\\job-demo\\node_modules\\express\\lib\\router\\layer.js:95:5)\n    at trim_prefix (C:\\Users\\ahmad\\job-demo\\node_modules\\express\\lib\\router\\index.js:317:13)","level":"error","timestamp":"2018-12-27T13:01:14.923Z"}
{"level":"info","message":"3000","timestamp":"2018-12-27T13:01:59.012Z"}
{"level":"info","message":"connected...","timestamp":"2018-12-27T13:02:00.124Z"}
{"message":"Joi.array(...).objectId is not a function","stack":"TypeError: Joi.array(...).objectId is not a function\n    at validation (C:\\Users\\ahmad\\job-demo\\model\\users.js:41:29)\n    at module.exports.post (C:\\Users\\ahmad\\job-demo\\controllers\\usersController.js:10:19)\n    at C:\\Users\\ahmad\\job-demo\\node_modules\\express-async-errors\\index.js:17:20\n    at Layer.handle [as handle_request] (C:\\Users\\ahmad\\job-demo\\node_modules\\express\\lib\\router\\layer.js:95:5)\n    at next (C:\\Users\\ahmad\\job-demo\\node_modules\\express\\lib\\router\\route.js:137:13)\n    at Route.dispatch (C:\\Users\\ahmad\\job-demo\\node_modules\\express\\lib\\router\\route.js:112:3)\n    at C:\\Users\\ahmad\\job-demo\\node_modules\\express-async-errors\\index.js:17:20\n    at Layer.handle [as handle_request] (C:\\Users\\ahmad\\job-demo\\node_modules\\express\\lib\\router\\layer.js:95:5)\n    at C:\\Users\\ahmad\\job-demo\\node_modules\\express\\lib\\router\\index.js:281:22\n    at Function.process_params (C:\\Users\\ahmad\\job-demo\\node_modules\\express\\lib\\router\\index.js:335:12)\n    at next (C:\\Users\\ahmad\\job-demo\\node_modules\\express\\lib\\router\\index.js:275:10)\n    at Function.handle (C:\\Users\\ahmad\\job-demo\\node_modules\\express\\lib\\router\\index.js:174:3)\n    at router (C:\\Users\\ahmad\\job-demo\\node_modules\\express\\lib\\router\\index.js:47:12)\n    at C:\\Users\\ahmad\\job-demo\\node_modules\\express-async-errors\\index.js:17:20\n    at Layer.handle [as handle_request] (C:\\Users\\ahmad\\job-demo\\node_modules\\express\\lib\\router\\layer.js:95:5)\n    at trim_prefix (C:\\Users\\ahmad\\job-demo\\node_modules\\express\\lib\\router\\index.js:317:13)","level":"error","timestamp":"2018-12-27T13:02:04.452Z"}
{"level":"info","message":"3000","timestamp":"2018-12-27T13:03:06.443Z"}
{"level":"info","message":"connected...","timestamp":"2018-12-27T13:03:07.523Z"}
{"level":"info","message":"3000","timestamp":"2018-12-27T13:07:01.154Z"}
{"level":"info","message":"connected...","timestamp":"2018-12-27T13:07:02.215Z"}
{"message":"Joi.objectId(...).array is not a function","stack":"TypeError: Joi.objectId(...).array is not a function\n    at validation (C:\\Users\\ahmad\\job-demo\\model\\users.js:41:32)\n    at module.exports.post (C:\\Users\\ahmad\\job-demo\\controllers\\usersController.js:10:19)\n    at C:\\Users\\ahmad\\job-demo\\node_modules\\express-async-errors\\index.js:17:20\n    at Layer.handle [as handle_request] (C:\\Users\\ahmad\\job-demo\\node_modules\\express\\lib\\router\\layer.js:95:5)\n    at next (C:\\Users\\ahmad\\job-demo\\node_modules\\express\\lib\\router\\route.js:137:13)\n    at Route.dispatch (C:\\Users\\ahmad\\job-demo\\node_modules\\express\\lib\\router\\route.js:112:3)\n    at C:\\Users\\ahmad\\job-demo\\node_modules\\express-async-errors\\index.js:17:20\n    at Layer.handle [as handle_request] (C:\\Users\\ahmad\\job-demo\\node_modules\\express\\lib\\router\\layer.js:95:5)\n    at C:\\Users\\ahmad\\job-demo\\node_modules\\express\\lib\\router\\index.js:281:22\n    at Function.process_params (C:\\Users\\ahmad\\job-demo\\node_modules\\express\\lib\\router\\index.js:335:12)\n    at next (C:\\Users\\ahmad\\job-demo\\node_modules\\express\\lib\\router\\index.js:275:10)\n    at Function.handle (C:\\Users\\ahmad\\job-demo\\node_modules\\express\\lib\\router\\index.js:174:3)\n    at router (C:\\Users\\ahmad\\job-demo\\node_modules\\express\\lib\\router\\index.js:47:12)\n    at C:\\Users\\ahmad\\job-demo\\node_modules\\express-async-errors\\index.js:17:20\n    at Layer.handle [as handle_request] (C:\\Users\\ahmad\\job-demo\\node_modules\\express\\lib\\router\\layer.js:95:5)\n    at trim_prefix (C:\\Users\\ahmad\\job-demo\\node_modules\\express\\lib\\router\\index.js:317:13)","level":"error","timestamp":"2018-12-27T13:07:06.502Z"}
{"level":"info","message":"3000","timestamp":"2018-12-27T13:16:07.343Z"}
{"level":"info","message":"connected...","timestamp":"2018-12-27T13:16:08.417Z"}
{"message":"roles is not defined","stack":"ReferenceError: roles is not defined\n    at model.default (C:\\Users\\ahmad\\job-demo\\model\\users.js:18:8)\n    at SchemaBoolean.SchemaType.getDefault (C:\\Users\\ahmad\\job-demo\\node_modules\\mongoose\\lib\\schematype.js:729:25)\n    at $__applyDefaults (C:\\Users\\ahmad\\job-demo\\node_modules\\mongoose\\lib\\document.js:324:22)\n    at model.Document (C:\\Users\\ahmad\\job-demo\\node_modules\\mongoose\\lib\\document.js:132:5)\n    at model.Model (C:\\Users\\ahmad\\job-demo\\node_modules\\mongoose\\lib\\model.js:93:12)\n    at new model (C:\\Users\\ahmad\\job-demo\\node_modules\\mongoose\\lib\\model.js:4374:13)\n    at module.exports.post (C:\\Users\\ahmad\\job-demo\\controllers\\usersController.js:18:11)\n    at <anonymous>\n    at process._tickCallback (internal/process/next_tick.js:188:7)","level":"error","timestamp":"2018-12-27T13:16:12.595Z"}
{"level":"info","message":"3000","timestamp":"2018-12-27T13:17:50.532Z"}
{"level":"info","message":"connected...","timestamp":"2018-12-27T13:17:51.623Z"}
{"level":"info","message":"3000","timestamp":"2018-12-27T13:19:51.300Z"}
{"level":"info","message":"connected...","timestamp":"2018-12-27T13:19:52.334Z"}
{"level":"info","message":"3000","timestamp":"2018-12-27T13:45:29.650Z"}
{"level":"info","message":"connected...","timestamp":"2018-12-27T13:45:30.715Z"}
{"message":"#<Object> is not a function","stack":"TypeError: #<Object> is not a function\n    at CoreMongooseArray.find (native)\n    at model.<anonymous> (C:\\Users\\ahmad\\job-demo\\model\\users.js:20:21)\n    at callMiddlewareFunction (C:\\Users\\ahmad\\job-demo\\node_modules\\mongoose\\node_modules\\kareem\\index.js:474:23)\n    at model.next (C:\\Users\\ahmad\\job-demo\\node_modules\\mongoose\\node_modules\\kareem\\index.js:58:7)\n    at _next (C:\\Users\\ahmad\\job-demo\\node_modules\\mongoose\\node_modules\\kareem\\index.js:106:10)\n    at process.nextTick (C:\\Users\\ahmad\\job-demo\\node_modules\\mongoose\\node_modules\\kareem\\index.js:499:38)\n    at _combinedTickCallback (internal/process/next_tick.js:131:7)\n    at process._tickCallback (internal/process/next_tick.js:180:9)","level":"error","timestamp":"2018-12-27T13:46:03.734Z"}
{"level":"info","message":"3000","timestamp":"2018-12-27T13:50:49.808Z"}
{"level":"info","message":"connected...","timestamp":"2018-12-27T13:50:50.868Z"}
{"message":"this.find is not a function","stack":"TypeError: this.find is not a function\n    at model.<anonymous> (C:\\Users\\ahmad\\job-demo\\model\\users.js:20:15)\n    at callMiddlewareFunction (C:\\Users\\ahmad\\job-demo\\node_modules\\mongoose\\node_modules\\kareem\\index.js:474:23)\n    at model.next (C:\\Users\\ahmad\\job-demo\\node_modules\\mongoose\\node_modules\\kareem\\index.js:58:7)\n    at _next (C:\\Users\\ahmad\\job-demo\\node_modules\\mongoose\\node_modules\\kareem\\index.js:106:10)\n    at process.nextTick (C:\\Users\\ahmad\\job-demo\\node_modules\\mongoose\\node_modules\\kareem\\index.js:499:38)\n    at _combinedTickCallback (internal/process/next_tick.js:131:7)\n    at process._tickCallback (internal/process/next_tick.js:180:9)","level":"error","timestamp":"2018-12-27T13:51:48.014Z"}
{"level":"info","message":"3000","timestamp":"2018-12-27T13:54:29.462Z"}
{"level":"info","message":"connected...","timestamp":"2018-12-27T13:54:30.527Z"}
{"level":"info","message":"3000","timestamp":"2018-12-27T14:04:43.396Z"}
{"level":"info","message":"connected...","timestamp":"2018-12-27T14:04:44.451Z"}
{"level":"info","message":"3000","timestamp":"2018-12-27T14:11:53.749Z"}
{"level":"info","message":"connected...","timestamp":"2018-12-27T14:11:54.787Z"}
{"level":"info","message":"3000","timestamp":"2018-12-27T14:16:33.749Z"}
{"level":"info","message":"connected...","timestamp":"2018-12-27T14:16:34.829Z"}
{"level":"info","message":"3000","timestamp":"2018-12-27T14:19:53.079Z"}
{"level":"info","message":"connected...","timestamp":"2018-12-27T14:19:54.121Z"}
{"level":"info","message":"3000","timestamp":"2018-12-27T14:28:16.718Z"}
{"level":"info","message":"connected...","timestamp":"2018-12-27T14:28:17.772Z"}
{"level":"info","message":"3000","timestamp":"2018-12-30T13:31:59.944Z"}
{"level":"info","message":"connected...","timestamp":"2018-12-30T13:32:01.026Z"}
{"level":"info","message":"3000","timestamp":"2018-12-30T14:47:39.610Z"}
{"level":"info","message":"connected...","timestamp":"2018-12-30T14:47:40.677Z"}
{"level":"info","message":"3000","timestamp":"2018-12-30T14:59:46.520Z"}
{"level":"info","message":"connected...","timestamp":"2018-12-30T14:59:47.579Z"}
{"message":"Cast to ObjectId failed for value \"categoryJop\" at path \"_id\" for model \"job\"","stack":"CastError: Cast to ObjectId failed for value \"categoryJop\" at path \"_id\" for model \"job\"\n    at new CastError (C:\\Users\\ahmad\\job-demo\\node_modules\\mongoose\\lib\\error\\cast.js:29:11)\n    at ObjectId.cast (C:\\Users\\ahmad\\job-demo\\node_modules\\mongoose\\lib\\schema\\objectid.js:156:13)\n    at ObjectId.SchemaType.applySetters (C:\\Users\\ahmad\\job-demo\\node_modules\\mongoose\\lib\\schematype.js:790:12)\n    at ObjectId.SchemaType._castForQuery (C:\\Users\\ahmad\\job-demo\\node_modules\\mongoose\\lib\\schematype.js:1193:15)\n    at ObjectId.SchemaType.castForQuery (C:\\Users\\ahmad\\job-demo\\node_modules\\mongoose\\lib\\schematype.js:1183:15)\n    at ObjectId.SchemaType.castForQueryWrapper (C:\\Users\\ahmad\\job-demo\\node_modules\\mongoose\\lib\\schematype.js:1162:15)\n    at cast (C:\\Users\\ahmad\\job-demo\\node_modules\\mongoose\\lib\\cast.js:306:32)\n    at model.Query.Query.cast (C:\\Users\\ahmad\\job-demo\\node_modules\\mongoose\\lib\\query.js:4065:12)\n    at model.Query.Query._castConditions (C:\\Users\\ahmad\\job-demo\\node_modules\\mongoose\\lib\\query.js:1693:10)\n    at model.Query.Query._findOne (C:\\Users\\ahmad\\job-demo\\node_modules\\mongoose\\lib\\query.js:1931:8)\n    at process.nextTick (C:\\Users\\ahmad\\job-demo\\node_modules\\mongoose\\node_modules\\kareem\\index.js:369:33)\n    at _combinedTickCallback (internal/process/next_tick.js:131:7)\n    at process._tickCallback (internal/process/next_tick.js:180:9)","name":"CastError","stringValue":"\"categoryJop\"","kind":"ObjectId","value":"categoryJop","path":"_id","level":"error","timestamp":"2018-12-30T15:00:19.983Z"}
{"level":"info","message":"3000","timestamp":"2018-12-30T15:04:22.737Z"}
{"level":"info","message":"connected...","timestamp":"2018-12-30T15:04:23.771Z"}
{"message":"Cast to ObjectId failed for value \"categoryJop=1\" at path \"_id\" for model \"job\"","stack":"CastError: Cast to ObjectId failed for value \"categoryJop=1\" at path \"_id\" for model \"job\"\n    at new CastError (C:\\Users\\ahmad\\job-demo\\node_modules\\mongoose\\lib\\error\\cast.js:29:11)\n    at ObjectId.cast (C:\\Users\\ahmad\\job-demo\\node_modules\\mongoose\\lib\\schema\\objectid.js:156:13)\n    at ObjectId.SchemaType.applySetters (C:\\Users\\ahmad\\job-demo\\node_modules\\mongoose\\lib\\schematype.js:790:12)\n    at ObjectId.SchemaType._castForQuery (C:\\Users\\ahmad\\job-demo\\node_modules\\mongoose\\lib\\schematype.js:1193:15)\n    at ObjectId.SchemaType.castForQuery (C:\\Users\\ahmad\\job-demo\\node_modules\\mongoose\\lib\\schematype.js:1183:15)\n    at ObjectId.SchemaType.castForQueryWrapper (C:\\Users\\ahmad\\job-demo\\node_modules\\mongoose\\lib\\schematype.js:1162:15)\n    at cast (C:\\Users\\ahmad\\job-demo\\node_modules\\mongoose\\lib\\cast.js:306:32)\n    at model.Query.Query.cast (C:\\Users\\ahmad\\job-demo\\node_modules\\mongoose\\lib\\query.js:4065:12)\n    at model.Query.Query._castConditions (C:\\Users\\ahmad\\job-demo\\node_modules\\mongoose\\lib\\query.js:1693:10)\n    at model.Query.Query._findOne (C:\\Users\\ahmad\\job-demo\\node_modules\\mongoose\\lib\\query.js:1931:8)\n    at process.nextTick (C:\\Users\\ahmad\\job-demo\\node_modules\\mongoose\\node_modules\\kareem\\index.js:369:33)\n    at _combinedTickCallback (internal/process/next_tick.js:131:7)\n    at process._tickCallback (internal/process/next_tick.js:180:9)","name":"CastError","stringValue":"\"categoryJop=1\"","kind":"ObjectId","value":"categoryJop=1","path":"_id","level":"error","timestamp":"2018-12-30T15:04:26.716Z"}
{"level":"info","message":"3000","timestamp":"2018-12-30T15:04:58.670Z"}
{"level":"info","message":"connected...","timestamp":"2018-12-30T15:04:59.731Z"}
{"message":"Cast to ObjectId failed for value \"categoryJop=1\" at path \"_id\" for model \"job\"","stack":"CastError: Cast to ObjectId failed for value \"categoryJop=1\" at path \"_id\" for model \"job\"\n    at new CastError (C:\\Users\\ahmad\\job-demo\\node_modules\\mongoose\\lib\\error\\cast.js:29:11)\n    at ObjectId.cast (C:\\Users\\ahmad\\job-demo\\node_modules\\mongoose\\lib\\schema\\objectid.js:156:13)\n    at ObjectId.SchemaType.applySetters (C:\\Users\\ahmad\\job-demo\\node_modules\\mongoose\\lib\\schematype.js:790:12)\n    at ObjectId.SchemaType._castForQuery (C:\\Users\\ahmad\\job-demo\\node_modules\\mongoose\\lib\\schematype.js:1193:15)\n    at ObjectId.SchemaType.castForQuery (C:\\Users\\ahmad\\job-demo\\node_modules\\mongoose\\lib\\schematype.js:1183:15)\n    at ObjectId.SchemaType.castForQueryWrapper (C:\\Users\\ahmad\\job-demo\\node_modules\\mongoose\\lib\\schematype.js:1162:15)\n    at cast (C:\\Users\\ahmad\\job-demo\\node_modules\\mongoose\\lib\\cast.js:306:32)\n    at model.Query.Query.cast (C:\\Users\\ahmad\\job-demo\\node_modules\\mongoose\\lib\\query.js:4065:12)\n    at model.Query.Query._castConditions (C:\\Users\\ahmad\\job-demo\\node_modules\\mongoose\\lib\\query.js:1693:10)\n    at model.Query.Query._findOne (C:\\Users\\ahmad\\job-demo\\node_modules\\mongoose\\lib\\query.js:1931:8)\n    at process.nextTick (C:\\Users\\ahmad\\job-demo\\node_modules\\mongoose\\node_modules\\kareem\\index.js:369:33)\n    at _combinedTickCallback (internal/process/next_tick.js:131:7)\n    at process._tickCallback (internal/process/next_tick.js:180:9)","name":"CastError","stringValue":"\"categoryJop=1\"","kind":"ObjectId","value":"categoryJop=1","path":"_id","level":"error","timestamp":"2018-12-30T15:05:03.357Z"}
{"level":"info","message":"3000","timestamp":"2018-12-30T15:05:30.450Z"}
{"level":"info","message":"connected...","timestamp":"2018-12-30T15:05:31.484Z"}
{"level":"info","message":"3000","timestamp":"2018-12-30T15:39:32.581Z"}
{"level":"info","message":"connected...","timestamp":"2018-12-30T15:39:33.631Z"}
{"level":"info","message":"3000","timestamp":"2018-12-30T16:39:39.757Z"}
{"level":"info","message":"connected...","timestamp":"2018-12-30T16:39:40.821Z"}
{"message":"Invalid status code: [object Object]","stack":"RangeError: Invalid status code: [object Object]\n    at ServerResponse.writeHead (_http_server.js:194:11)\n    at ServerResponse._implicitHeader (_http_server.js:185:8)\n    at write_ (_http_outgoing.js:632:9)\n    at ServerResponse.end (_http_outgoing.js:751:5)\n    at ServerResponse.send (C:\\Users\\ahmad\\job-demo\\node_modules\\express\\lib\\response.js:221:10)\n    at module.exports.get (C:\\Users\\ahmad\\job-demo\\controllers\\jobsCntroller.js:33:9)\n    at <anonymous>\n    at process._tickCallback (internal/process/next_tick.js:188:7)","level":"error","timestamp":"2018-12-30T16:39:44.064Z"}
{"level":"info","message":"3000","timestamp":"2018-12-30T16:40:36.949Z"}
{"level":"info","message":"connected...","timestamp":"2018-12-30T16:40:38.005Z"}
{"message":"\"$search\" had the wrong type. Expected string, found null","stack":"MongoError: \"$search\" had the wrong type. Expected string, found null\n    at queryCallback (C:\\Users\\ahmad\\job-demo\\node_modules\\mongoose\\node_modules\\mongodb-core\\lib\\cursor.js:248:25)\n    at C:\\Users\\ahmad\\job-demo\\node_modules\\mongoose\\node_modules\\mongodb-core\\lib\\connection\\pool.js:532:18\n    at _combinedTickCallback (internal/process/next_tick.js:131:7)\n    at process._tickCallback (internal/process/next_tick.js:180:9)","ok":0,"errmsg":"\"$search\" had the wrong type. Expected string, found null","code":14,"codeName":"TypeMismatch","name":"MongoError","level":"error","timestamp":"2018-12-30T16:41:24.783Z"}
{"level":"info","message":"3000","timestamp":"2018-12-30T16:46:22.672Z"}
{"level":"info","message":"connected...","timestamp":"2018-12-30T16:46:23.704Z"}
{"level":"info","message":"3000","timestamp":"2018-12-30T16:48:47.969Z"}
{"level":"info","message":"connected...","timestamp":"2018-12-30T16:48:49.027Z"}
{"level":"info","message":"3000","timestamp":"2018-12-30T16:50:41.789Z"}
{"level":"info","message":"connected...","timestamp":"2018-12-30T16:50:42.853Z"}
{"level":"info","message":"3000","timestamp":"2018-12-30T16:54:31.858Z"}
{"level":"info","message":"connected...","timestamp":"2018-12-30T16:54:32.945Z"}
{"message":"categoryId is not defined","stack":"ReferenceError: categoryId is not defined\n    at module.exports.get (C:\\Users\\ahmad\\job-demo\\controllers\\jobsCntroller.js:8:27)\n    at C:\\Users\\ahmad\\job-demo\\node_modules\\express-async-errors\\index.js:17:20\n    at Layer.handle [as handle_request] (C:\\Users\\ahmad\\job-demo\\node_modules\\express\\lib\\router\\layer.js:95:5)\n    at next (C:\\Users\\ahmad\\job-demo\\node_modules\\express\\lib\\router\\route.js:137:13)\n    at Route.dispatch (C:\\Users\\ahmad\\job-demo\\node_modules\\express\\lib\\router\\route.js:112:3)\n    at C:\\Users\\ahmad\\job-demo\\node_modules\\express-async-errors\\index.js:17:20\n    at Layer.handle [as handle_request] (C:\\Users\\ahmad\\job-demo\\node_modules\\express\\lib\\router\\layer.js:95:5)\n    at C:\\Users\\ahmad\\job-demo\\node_modules\\express\\lib\\router\\index.js:281:22\n    at Function.process_params (C:\\Users\\ahmad\\job-demo\\node_modules\\express\\lib\\router\\index.js:335:12)\n    at next (C:\\Users\\ahmad\\job-demo\\node_modules\\express\\lib\\router\\index.js:275:10)\n    at Function.handle (C:\\Users\\ahmad\\job-demo\\node_modules\\express\\lib\\router\\index.js:174:3)\n    at router (C:\\Users\\ahmad\\job-demo\\node_modules\\express\\lib\\router\\index.js:47:12)\n    at C:\\Users\\ahmad\\job-demo\\node_modules\\express-async-errors\\index.js:17:20\n    at Layer.handle [as handle_request] (C:\\Users\\ahmad\\job-demo\\node_modules\\express\\lib\\router\\layer.js:95:5)\n    at trim_prefix (C:\\Users\\ahmad\\job-demo\\node_modules\\express\\lib\\router\\index.js:317:13)\n    at C:\\Users\\ahmad\\job-demo\\node_modules\\express\\lib\\router\\index.js:284:7","level":"error","timestamp":"2018-12-30T16:54:36.209Z"}
{"level":"info","message":"3000","timestamp":"2018-12-30T16:55:33.626Z"}
{"level":"info","message":"connected...","timestamp":"2018-12-30T16:55:34.666Z"}
{"level":"info","message":"3000","timestamp":"2018-12-30T16:57:20.131Z"}
{"level":"info","message":"connected...","timestamp":"2018-12-30T16:57:21.205Z"}
{"level":"info","message":"3000","timestamp":"2018-12-31T09:54:47.510Z"}
{"level":"info","message":"connected...","timestamp":"2018-12-31T09:54:48.622Z"}
{"level":"info","message":"3000","timestamp":"2018-12-31T10:03:38.326Z"}
{"level":"info","message":"connected...","timestamp":"2018-12-31T10:03:39.440Z"}
{"message":"Cast to ObjectId failed for value \"categoryJop\" at path \"_id\" for model \"job\"","stack":"CastError: Cast to ObjectId failed for value \"categoryJop\" at path \"_id\" for model \"job\"\n    at new CastError (C:\\Users\\ahmad\\job-demo\\node_modules\\mongoose\\lib\\error\\cast.js:29:11)\n    at ObjectId.cast (C:\\Users\\ahmad\\job-demo\\node_modules\\mongoose\\lib\\schema\\objectid.js:156:13)\n    at ObjectId.SchemaType.applySetters (C:\\Users\\ahmad\\job-demo\\node_modules\\mongoose\\lib\\schematype.js:790:12)\n    at ObjectId.SchemaType._castForQuery (C:\\Users\\ahmad\\job-demo\\node_modules\\mongoose\\lib\\schematype.js:1193:15)\n    at ObjectId.SchemaType.castForQuery (C:\\Users\\ahmad\\job-demo\\node_modules\\mongoose\\lib\\schematype.js:1183:15)\n    at ObjectId.SchemaType.castForQueryWrapper (C:\\Users\\ahmad\\job-demo\\node_modules\\mongoose\\lib\\schematype.js:1162:15)\n    at cast (C:\\Users\\ahmad\\job-demo\\node_modules\\mongoose\\lib\\cast.js:306:32)\n    at model.Query.Query.cast (C:\\Users\\ahmad\\job-demo\\node_modules\\mongoose\\lib\\query.js:4065:12)\n    at model.Query.Query._castConditions (C:\\Users\\ahmad\\job-demo\\node_modules\\mongoose\\lib\\query.js:1693:10)\n    at model.Query.Query._findOne (C:\\Users\\ahmad\\job-demo\\node_modules\\mongoose\\lib\\query.js:1931:8)\n    at process.nextTick (C:\\Users\\ahmad\\job-demo\\node_modules\\mongoose\\node_modules\\kareem\\index.js:369:33)\n    at _combinedTickCallback (internal/process/next_tick.js:131:7)\n    at process._tickCallback (internal/process/next_tick.js:180:9)","name":"CastError","stringValue":"\"categoryJop\"","kind":"ObjectId","value":"categoryJop","path":"_id","level":"error","timestamp":"2018-12-31T10:03:43.793Z"}
{"level":"info","message":"3000","timestamp":"2018-12-31T10:05:16.174Z"}
{"level":"info","message":"connected...","timestamp":"2018-12-31T10:05:17.210Z"}
{"message":"Cast to ObjectId failed for value \"categoryJop\" at path \"_id\" for model \"job\"","stack":"CastError: Cast to ObjectId failed for value \"categoryJop\" at path \"_id\" for model \"job\"\n    at new CastError (C:\\Users\\ahmad\\job-demo\\node_modules\\mongoose\\lib\\error\\cast.js:29:11)\n    at ObjectId.cast (C:\\Users\\ahmad\\job-demo\\node_modules\\mongoose\\lib\\schema\\objectid.js:156:13)\n    at ObjectId.SchemaType.applySetters (C:\\Users\\ahmad\\job-demo\\node_modules\\mongoose\\lib\\schematype.js:790:12)\n    at ObjectId.SchemaType._castForQuery (C:\\Users\\ahmad\\job-demo\\node_modules\\mongoose\\lib\\schematype.js:1193:15)\n    at ObjectId.SchemaType.castForQuery (C:\\Users\\ahmad\\job-demo\\node_modules\\mongoose\\lib\\schematype.js:1183:15)\n    at ObjectId.SchemaType.castForQueryWrapper (C:\\Users\\ahmad\\job-demo\\node_modules\\mongoose\\lib\\schematype.js:1162:15)\n    at cast (C:\\Users\\ahmad\\job-demo\\node_modules\\mongoose\\lib\\cast.js:306:32)\n    at model.Query.Query.cast (C:\\Users\\ahmad\\job-demo\\node_modules\\mongoose\\lib\\query.js:4065:12)\n    at model.Query.Query._castConditions (C:\\Users\\ahmad\\job-demo\\node_modules\\mongoose\\lib\\query.js:1693:10)\n    at model.Query.Query._findOne (C:\\Users\\ahmad\\job-demo\\node_modules\\mongoose\\lib\\query.js:1931:8)\n    at process.nextTick (C:\\Users\\ahmad\\job-demo\\node_modules\\mongoose\\node_modules\\kareem\\index.js:369:33)\n    at _combinedTickCallback (internal/process/next_tick.js:131:7)\n    at process._tickCallback (internal/process/next_tick.js:180:9)","name":"CastError","stringValue":"\"categoryJop\"","kind":"ObjectId","value":"categoryJop","path":"_id","level":"error","timestamp":"2018-12-31T10:05:18.107Z"}
{"level":"info","message":"3000","timestamp":"2018-12-31T10:09:46.272Z"}
{"level":"info","message":"connected...","timestamp":"2018-12-31T10:09:47.351Z"}
{"message":"Cast to ObjectId failed for value \"categoryJop\" at path \"_id\" for model \"job\"","stack":"CastError: Cast to ObjectId failed for value \"categoryJop\" at path \"_id\" for model \"job\"\n    at new CastError (C:\\Users\\ahmad\\job-demo\\node_modules\\mongoose\\lib\\error\\cast.js:29:11)\n    at ObjectId.cast (C:\\Users\\ahmad\\job-demo\\node_modules\\mongoose\\lib\\schema\\objectid.js:156:13)\n    at ObjectId.SchemaType.applySetters (C:\\Users\\ahmad\\job-demo\\node_modules\\mongoose\\lib\\schematype.js:790:12)\n    at ObjectId.SchemaType._castForQuery (C:\\Users\\ahmad\\job-demo\\node_modules\\mongoose\\lib\\schematype.js:1193:15)\n    at ObjectId.SchemaType.castForQuery (C:\\Users\\ahmad\\job-demo\\node_modules\\mongoose\\lib\\schematype.js:1183:15)\n    at ObjectId.SchemaType.castForQueryWrapper (C:\\Users\\ahmad\\job-demo\\node_modules\\mongoose\\lib\\schematype.js:1162:15)\n    at cast (C:\\Users\\ahmad\\job-demo\\node_modules\\mongoose\\lib\\cast.js:306:32)\n    at model.Query.Query.cast (C:\\Users\\ahmad\\job-demo\\node_modules\\mongoose\\lib\\query.js:4065:12)\n    at model.Query.Query._castConditions (C:\\Users\\ahmad\\job-demo\\node_modules\\mongoose\\lib\\query.js:1693:10)\n    at model.Query.Query._findOne (C:\\Users\\ahmad\\job-demo\\node_modules\\mongoose\\lib\\query.js:1931:8)\n    at process.nextTick (C:\\Users\\ahmad\\job-demo\\node_modules\\mongoose\\node_modules\\kareem\\index.js:369:33)\n    at _combinedTickCallback (internal/process/next_tick.js:131:7)\n    at process._tickCallback (internal/process/next_tick.js:180:9)","name":"CastError","stringValue":"\"categoryJop\"","kind":"ObjectId","value":"categoryJop","path":"_id","level":"error","timestamp":"2018-12-31T10:09:49.483Z"}
{"level":"info","message":"3000","timestamp":"2018-12-31T10:15:36.025Z"}
{"level":"info","message":"connected...","timestamp":"2018-12-31T10:15:37.101Z"}
{"message":"Cast to ObjectId failed for value \"categoryJop=1\" at path \"_id\" for model \"job\"","stack":"CastError: Cast to ObjectId failed for value \"categoryJop=1\" at path \"_id\" for model \"job\"\n    at new CastError (C:\\Users\\ahmad\\job-demo\\node_modules\\mongoose\\lib\\error\\cast.js:29:11)\n    at ObjectId.cast (C:\\Users\\ahmad\\job-demo\\node_modules\\mongoose\\lib\\schema\\objectid.js:156:13)\n    at ObjectId.SchemaType.applySetters (C:\\Users\\ahmad\\job-demo\\node_modules\\mongoose\\lib\\schematype.js:790:12)\n    at ObjectId.SchemaType._castForQuery (C:\\Users\\ahmad\\job-demo\\node_modules\\mongoose\\lib\\schematype.js:1193:15)\n    at ObjectId.SchemaType.castForQuery (C:\\Users\\ahmad\\job-demo\\node_modules\\mongoose\\lib\\schematype.js:1183:15)\n    at ObjectId.SchemaType.castForQueryWrapper (C:\\Users\\ahmad\\job-demo\\node_modules\\mongoose\\lib\\schematype.js:1162:15)\n    at cast (C:\\Users\\ahmad\\job-demo\\node_modules\\mongoose\\lib\\cast.js:306:32)\n    at model.Query.Query.cast (C:\\Users\\ahmad\\job-demo\\node_modules\\mongoose\\lib\\query.js:4065:12)\n    at model.Query.Query._castConditions (C:\\Users\\ahmad\\job-demo\\node_modules\\mongoose\\lib\\query.js:1693:10)\n    at model.Query.Query._findOne (C:\\Users\\ahmad\\job-demo\\node_modules\\mongoose\\lib\\query.js:1931:8)\n    at process.nextTick (C:\\Users\\ahmad\\job-demo\\node_modules\\mongoose\\node_modules\\kareem\\index.js:369:33)\n    at _combinedTickCallback (internal/process/next_tick.js:131:7)\n    at process._tickCallback (internal/process/next_tick.js:180:9)","name":"CastError","stringValue":"\"categoryJop=1\"","kind":"ObjectId","value":"categoryJop=1","path":"_id","level":"error","timestamp":"2018-12-31T10:15:48.466Z"}
{"level":"info","message":"3000","timestamp":"2018-12-31T10:18:43.688Z"}
{"level":"info","message":"connected...","timestamp":"2018-12-31T10:18:44.745Z"}
{"message":"Cast to ObjectId failed for value \"categoryJop=1\" at path \"_id\" for model \"job\"","stack":"CastError: Cast to ObjectId failed for value \"categoryJop=1\" at path \"_id\" for model \"job\"\n    at new CastError (C:\\Users\\ahmad\\job-demo\\node_modules\\mongoose\\lib\\error\\cast.js:29:11)\n    at ObjectId.cast (C:\\Users\\ahmad\\job-demo\\node_modules\\mongoose\\lib\\schema\\objectid.js:156:13)\n    at ObjectId.SchemaType.applySetters (C:\\Users\\ahmad\\job-demo\\node_modules\\mongoose\\lib\\schematype.js:790:12)\n    at ObjectId.SchemaType._castForQuery (C:\\Users\\ahmad\\job-demo\\node_modules\\mongoose\\lib\\schematype.js:1193:15)\n    at ObjectId.SchemaType.castForQuery (C:\\Users\\ahmad\\job-demo\\node_modules\\mongoose\\lib\\schematype.js:1183:15)\n    at ObjectId.SchemaType.castForQueryWrapper (C:\\Users\\ahmad\\job-demo\\node_modules\\mongoose\\lib\\schematype.js:1162:15)\n    at cast (C:\\Users\\ahmad\\job-demo\\node_modules\\mongoose\\lib\\cast.js:306:32)\n    at model.Query.Query.cast (C:\\Users\\ahmad\\job-demo\\node_modules\\mongoose\\lib\\query.js:4065:12)\n    at model.Query.Query._castConditions (C:\\Users\\ahmad\\job-demo\\node_modules\\mongoose\\lib\\query.js:1693:10)\n    at model.Query.Query._findOne (C:\\Users\\ahmad\\job-demo\\node_modules\\mongoose\\lib\\query.js:1931:8)\n    at process.nextTick (C:\\Users\\ahmad\\job-demo\\node_modules\\mongoose\\node_modules\\kareem\\index.js:369:33)\n    at _combinedTickCallback (internal/process/next_tick.js:131:7)\n    at process._tickCallback (internal/process/next_tick.js:180:9)","name":"CastError","stringValue":"\"categoryJop=1\"","kind":"ObjectId","value":"categoryJop=1","path":"_id","level":"error","timestamp":"2018-12-31T10:18:49.590Z"}
{"level":"info","message":"3000","timestamp":"2018-12-31T10:19:29.432Z"}
{"level":"info","message":"connected...","timestamp":"2018-12-31T10:19:30.494Z"}
{"level":"info","message":"3000","timestamp":"2018-12-31T10:22:59.459Z"}
{"level":"info","message":"connected...","timestamp":"2018-12-31T10:23:00.526Z"}
{"message":"Cast to ObjectId failed for value \"categoryJop\" at path \"_id\" for model \"job\"","stack":"CastError: Cast to ObjectId failed for value \"categoryJop\" at path \"_id\" for model \"job\"\n    at new CastError (C:\\Users\\ahmad\\job-demo\\node_modules\\mongoose\\lib\\error\\cast.js:29:11)\n    at ObjectId.cast (C:\\Users\\ahmad\\job-demo\\node_modules\\mongoose\\lib\\schema\\objectid.js:156:13)\n    at ObjectId.SchemaType.applySetters (C:\\Users\\ahmad\\job-demo\\node_modules\\mongoose\\lib\\schematype.js:790:12)\n    at ObjectId.SchemaType._castForQuery (C:\\Users\\ahmad\\job-demo\\node_modules\\mongoose\\lib\\schematype.js:1193:15)\n    at ObjectId.SchemaType.castForQuery (C:\\Users\\ahmad\\job-demo\\node_modules\\mongoose\\lib\\schematype.js:1183:15)\n    at ObjectId.SchemaType.castForQueryWrapper (C:\\Users\\ahmad\\job-demo\\node_modules\\mongoose\\lib\\schematype.js:1162:15)\n    at cast (C:\\Users\\ahmad\\job-demo\\node_modules\\mongoose\\lib\\cast.js:306:32)\n    at model.Query.Query.cast (C:\\Users\\ahmad\\job-demo\\node_modules\\mongoose\\lib\\query.js:4065:12)\n    at model.Query.Query._castConditions (C:\\Users\\ahmad\\job-demo\\node_modules\\mongoose\\lib\\query.js:1693:10)\n    at model.Query.Query._findOne (C:\\Users\\ahmad\\job-demo\\node_modules\\mongoose\\lib\\query.js:1931:8)\n    at process.nextTick (C:\\Users\\ahmad\\job-demo\\node_modules\\mongoose\\node_modules\\kareem\\index.js:369:33)\n    at _combinedTickCallback (internal/process/next_tick.js:131:7)\n    at process._tickCallback (internal/process/next_tick.js:180:9)","name":"CastError","stringValue":"\"categoryJop\"","kind":"ObjectId","value":"categoryJop","path":"_id","level":"error","timestamp":"2018-12-31T10:23:15.687Z"}
{"level":"info","message":"3000","timestamp":"2018-12-31T10:26:58.133Z"}
{"level":"info","message":"connected...","timestamp":"2018-12-31T10:26:59.202Z"}
{"message":"Cast to ObjectId failed for value \"categoryJop\" at path \"_id\" for model \"job\"","stack":"CastError: Cast to ObjectId failed for value \"categoryJop\" at path \"_id\" for model \"job\"\n    at new CastError (C:\\Users\\ahmad\\job-demo\\node_modules\\mongoose\\lib\\error\\cast.js:29:11)\n    at ObjectId.cast (C:\\Users\\ahmad\\job-demo\\node_modules\\mongoose\\lib\\schema\\objectid.js:156:13)\n    at ObjectId.SchemaType.applySetters (C:\\Users\\ahmad\\job-demo\\node_modules\\mongoose\\lib\\schematype.js:790:12)\n    at ObjectId.SchemaType._castForQuery (C:\\Users\\ahmad\\job-demo\\node_modules\\mongoose\\lib\\schematype.js:1193:15)\n    at ObjectId.SchemaType.castForQuery (C:\\Users\\ahmad\\job-demo\\node_modules\\mongoose\\lib\\schematype.js:1183:15)\n    at ObjectId.SchemaType.castForQueryWrapper (C:\\Users\\ahmad\\job-demo\\node_modules\\mongoose\\lib\\schematype.js:1162:15)\n    at cast (C:\\Users\\ahmad\\job-demo\\node_modules\\mongoose\\lib\\cast.js:306:32)\n    at model.Query.Query.cast (C:\\Users\\ahmad\\job-demo\\node_modules\\mongoose\\lib\\query.js:4065:12)\n    at model.Query.Query._castConditions (C:\\Users\\ahmad\\job-demo\\node_modules\\mongoose\\lib\\query.js:1693:10)\n    at model.Query.Query._findOne (C:\\Users\\ahmad\\job-demo\\node_modules\\mongoose\\lib\\query.js:1931:8)\n    at process.nextTick (C:\\Users\\ahmad\\job-demo\\node_modules\\mongoose\\node_modules\\kareem\\index.js:369:33)\n    at _combinedTickCallback (internal/process/next_tick.js:131:7)\n    at process._tickCallback (internal/process/next_tick.js:180:9)","name":"CastError","stringValue":"\"categoryJop\"","kind":"ObjectId","value":"categoryJop","path":"_id","level":"error","timestamp":"2018-12-31T10:27:15.312Z"}
{"level":"info","message":"3000","timestamp":"2018-12-31T10:32:42.711Z"}
{"level":"info","message":"connected...","timestamp":"2018-12-31T10:32:43.770Z"}
{"message":"Cast to ObjectId failed for value \"categoryJop\" at path \"_id\" for model \"job\"","stack":"CastError: Cast to ObjectId failed for value \"categoryJop\" at path \"_id\" for model \"job\"\n    at new CastError (C:\\Users\\ahmad\\job-demo\\node_modules\\mongoose\\lib\\error\\cast.js:29:11)\n    at ObjectId.cast (C:\\Users\\ahmad\\job-demo\\node_modules\\mongoose\\lib\\schema\\objectid.js:156:13)\n    at ObjectId.SchemaType.applySetters (C:\\Users\\ahmad\\job-demo\\node_modules\\mongoose\\lib\\schematype.js:790:12)\n    at ObjectId.SchemaType._castForQuery (C:\\Users\\ahmad\\job-demo\\node_modules\\mongoose\\lib\\schematype.js:1193:15)\n    at ObjectId.SchemaType.castForQuery (C:\\Users\\ahmad\\job-demo\\node_modules\\mongoose\\lib\\schematype.js:1183:15)\n    at ObjectId.SchemaType.castForQueryWrapper (C:\\Users\\ahmad\\job-demo\\node_modules\\mongoose\\lib\\schematype.js:1162:15)\n    at cast (C:\\Users\\ahmad\\job-demo\\node_modules\\mongoose\\lib\\cast.js:306:32)\n    at model.Query.Query.cast (C:\\Users\\ahmad\\job-demo\\node_modules\\mongoose\\lib\\query.js:4065:12)\n    at model.Query.Query._castConditions (C:\\Users\\ahmad\\job-demo\\node_modules\\mongoose\\lib\\query.js:1693:10)\n    at model.Query.Query._findOne (C:\\Users\\ahmad\\job-demo\\node_modules\\mongoose\\lib\\query.js:1931:8)\n    at process.nextTick (C:\\Users\\ahmad\\job-demo\\node_modules\\mongoose\\node_modules\\kareem\\index.js:369:33)\n    at _combinedTickCallback (internal/process/next_tick.js:131:7)\n    at process._tickCallback (internal/process/next_tick.js:180:9)","name":"CastError","stringValue":"\"categoryJop\"","kind":"ObjectId","value":"categoryJop","path":"_id","level":"error","timestamp":"2018-12-31T10:32:48.003Z"}
{"level":"info","message":"3000","timestamp":"2018-12-31T10:33:03.651Z"}
{"level":"info","message":"connected...","timestamp":"2018-12-31T10:33:04.755Z"}
{"level":"info","message":"3000","timestamp":"2018-12-31T10:44:30.255Z"}
{"level":"info","message":"3000","timestamp":"2018-12-31T10:44:36.170Z"}
{"level":"info","message":"connected...","timestamp":"2018-12-31T10:44:37.202Z"}
{"message":"Cast to ObjectId failed for value \"categoryJop\" at path \"_id\" for model \"job\"","stack":"CastError: Cast to ObjectId failed for value \"categoryJop\" at path \"_id\" for model \"job\"\n    at new CastError (C:\\Users\\ahmad\\job-demo\\node_modules\\mongoose\\lib\\error\\cast.js:29:11)\n    at ObjectId.cast (C:\\Users\\ahmad\\job-demo\\node_modules\\mongoose\\lib\\schema\\objectid.js:156:13)\n    at ObjectId.SchemaType.applySetters (C:\\Users\\ahmad\\job-demo\\node_modules\\mongoose\\lib\\schematype.js:790:12)\n    at ObjectId.SchemaType._castForQuery (C:\\Users\\ahmad\\job-demo\\node_modules\\mongoose\\lib\\schematype.js:1193:15)\n    at ObjectId.SchemaType.castForQuery (C:\\Users\\ahmad\\job-demo\\node_modules\\mongoose\\lib\\schematype.js:1183:15)\n    at ObjectId.SchemaType.castForQueryWrapper (C:\\Users\\ahmad\\job-demo\\node_modules\\mongoose\\lib\\schematype.js:1162:15)\n    at cast (C:\\Users\\ahmad\\job-demo\\node_modules\\mongoose\\lib\\cast.js:306:32)\n    at model.Query.Query.cast (C:\\Users\\ahmad\\job-demo\\node_modules\\mongoose\\lib\\query.js:4065:12)\n    at model.Query.Query._castConditions (C:\\Users\\ahmad\\job-demo\\node_modules\\mongoose\\lib\\query.js:1693:10)\n    at model.Query.Query._findOne (C:\\Users\\ahmad\\job-demo\\node_modules\\mongoose\\lib\\query.js:1931:8)\n    at process.nextTick (C:\\Users\\ahmad\\job-demo\\node_modules\\mongoose\\node_modules\\kareem\\index.js:369:33)\n    at _combinedTickCallback (internal/process/next_tick.js:131:7)\n    at process._tickCallback (internal/process/next_tick.js:180:9)","name":"CastError","stringValue":"\"categoryJop\"","kind":"ObjectId","value":"categoryJop","path":"_id","level":"error","timestamp":"2018-12-31T10:44:43.799Z"}
{"level":"info","message":"3000","timestamp":"2018-12-31T10:46:01.581Z"}
{"level":"info","message":"connected...","timestamp":"2018-12-31T10:46:02.623Z"}
{"level":"info","message":"3000","timestamp":"2018-12-31T10:47:52.925Z"}
{"level":"info","message":"connected...","timestamp":"2018-12-31T10:47:53.987Z"}
{"level":"info","message":"3000","timestamp":"2018-12-31T10:48:00.937Z"}
{"level":"info","message":"connected...","timestamp":"2018-12-31T10:48:02.000Z"}
{"level":"info","message":"3000","timestamp":"2018-12-31T10:52:40.253Z"}
{"level":"info","message":"connected...","timestamp":"2018-12-31T10:52:41.295Z"}
{"message":"Cast to ObjectId failed for value \"categoryJop\" at path \"_id\" for model \"job\"","stack":"CastError: Cast to ObjectId failed for value \"categoryJop\" at path \"_id\" for model \"job\"\n    at new CastError (C:\\Users\\ahmad\\job-demo\\node_modules\\mongoose\\lib\\error\\cast.js:29:11)\n    at ObjectId.cast (C:\\Users\\ahmad\\job-demo\\node_modules\\mongoose\\lib\\schema\\objectid.js:156:13)\n    at ObjectId.SchemaType.applySetters (C:\\Users\\ahmad\\job-demo\\node_modules\\mongoose\\lib\\schematype.js:790:12)\n    at ObjectId.SchemaType._castForQuery (C:\\Users\\ahmad\\job-demo\\node_modules\\mongoose\\lib\\schematype.js:1193:15)\n    at ObjectId.SchemaType.castForQuery (C:\\Users\\ahmad\\job-demo\\node_modules\\mongoose\\lib\\schematype.js:1183:15)\n    at ObjectId.SchemaType.castForQueryWrapper (C:\\Users\\ahmad\\job-demo\\node_modules\\mongoose\\lib\\schematype.js:1162:15)\n    at cast (C:\\Users\\ahmad\\job-demo\\node_modules\\mongoose\\lib\\cast.js:306:32)\n    at model.Query.Query.cast (C:\\Users\\ahmad\\job-demo\\node_modules\\mongoose\\lib\\query.js:4065:12)\n    at model.Query.Query._castConditions (C:\\Users\\ahmad\\job-demo\\node_modules\\mongoose\\lib\\query.js:1693:10)\n    at model.Query.Query._findOne (C:\\Users\\ahmad\\job-demo\\node_modules\\mongoose\\lib\\query.js:1931:8)\n    at process.nextTick (C:\\Users\\ahmad\\job-demo\\node_modules\\mongoose\\node_modules\\kareem\\index.js:369:33)\n    at _combinedTickCallback (internal/process/next_tick.js:131:7)\n    at process._tickCallback (internal/process/next_tick.js:180:9)","name":"CastError","stringValue":"\"categoryJop\"","kind":"ObjectId","value":"categoryJop","path":"_id","level":"error","timestamp":"2018-12-31T10:52:47.678Z"}
{"level":"info","message":"3000","timestamp":"2018-12-31T10:57:55.421Z"}
{"level":"info","message":"connected...","timestamp":"2018-12-31T10:57:56.468Z"}
{"level":"info","message":"3000","timestamp":"2018-12-31T11:01:10.318Z"}
{"level":"info","message":"connected...","timestamp":"2018-12-31T11:01:11.364Z"}
{"message":"Cast to ObjectId failed for value \"categoryJop\" at path \"_id\" for model \"job\"","stack":"CastError: Cast to ObjectId failed for value \"categoryJop\" at path \"_id\" for model \"job\"\n    at new CastError (C:\\Users\\ahmad\\job-demo\\node_modules\\mongoose\\lib\\error\\cast.js:29:11)\n    at ObjectId.cast (C:\\Users\\ahmad\\job-demo\\node_modules\\mongoose\\lib\\schema\\objectid.js:156:13)\n    at ObjectId.SchemaType.applySetters (C:\\Users\\ahmad\\job-demo\\node_modules\\mongoose\\lib\\schematype.js:790:12)\n    at ObjectId.SchemaType._castForQuery (C:\\Users\\ahmad\\job-demo\\node_modules\\mongoose\\lib\\schematype.js:1193:15)\n    at ObjectId.SchemaType.castForQuery (C:\\Users\\ahmad\\job-demo\\node_modules\\mongoose\\lib\\schematype.js:1183:15)\n    at ObjectId.SchemaType.castForQueryWrapper (C:\\Users\\ahmad\\job-demo\\node_modules\\mongoose\\lib\\schematype.js:1162:15)\n    at cast (C:\\Users\\ahmad\\job-demo\\node_modules\\mongoose\\lib\\cast.js:306:32)\n    at model.Query.Query.cast (C:\\Users\\ahmad\\job-demo\\node_modules\\mongoose\\lib\\query.js:4065:12)\n    at model.Query.Query._castConditions (C:\\Users\\ahmad\\job-demo\\node_modules\\mongoose\\lib\\query.js:1693:10)\n    at model.Query.Query._findOne (C:\\Users\\ahmad\\job-demo\\node_modules\\mongoose\\lib\\query.js:1931:8)\n    at process.nextTick (C:\\Users\\ahmad\\job-demo\\node_modules\\mongoose\\node_modules\\kareem\\index.js:369:33)\n    at _combinedTickCallback (internal/process/next_tick.js:131:7)\n    at process._tickCallback (internal/process/next_tick.js:180:9)","name":"CastError","stringValue":"\"categoryJop\"","kind":"ObjectId","value":"categoryJop","path":"_id","level":"error","timestamp":"2018-12-31T11:01:18.148Z"}
{"level":"info","message":"3000","timestamp":"2018-12-31T11:05:35.981Z"}
{"level":"info","message":"connected...","timestamp":"2018-12-31T11:05:37.046Z"}
{"level":"info","message":"3000","timestamp":"2018-12-31T11:09:19.192Z"}
{"level":"info","message":"connected...","timestamp":"2018-12-31T11:09:20.233Z"}
{"level":"info","message":"3000","timestamp":"2018-12-31T11:09:27.292Z"}
{"level":"info","message":"connected...","timestamp":"2018-12-31T11:09:28.357Z"}
{"message":"Cast to ObjectId failed for value \"categoryJop\" at path \"_id\" for model \"job\"","stack":"CastError: Cast to ObjectId failed for value \"categoryJop\" at path \"_id\" for model \"job\"\n    at new CastError (C:\\Users\\ahmad\\job-demo\\node_modules\\mongoose\\lib\\error\\cast.js:29:11)\n    at ObjectId.cast (C:\\Users\\ahmad\\job-demo\\node_modules\\mongoose\\lib\\schema\\objectid.js:156:13)\n    at ObjectId.SchemaType.applySetters (C:\\Users\\ahmad\\job-demo\\node_modules\\mongoose\\lib\\schematype.js:790:12)\n    at ObjectId.SchemaType._castForQuery (C:\\Users\\ahmad\\job-demo\\node_modules\\mongoose\\lib\\schematype.js:1193:15)\n    at ObjectId.SchemaType.castForQuery (C:\\Users\\ahmad\\job-demo\\node_modules\\mongoose\\lib\\schematype.js:1183:15)\n    at ObjectId.SchemaType.castForQueryWrapper (C:\\Users\\ahmad\\job-demo\\node_modules\\mongoose\\lib\\schematype.js:1162:15)\n    at cast (C:\\Users\\ahmad\\job-demo\\node_modules\\mongoose\\lib\\cast.js:306:32)\n    at model.Query.Query.cast (C:\\Users\\ahmad\\job-demo\\node_modules\\mongoose\\lib\\query.js:4065:12)\n    at model.Query.Query._castConditions (C:\\Users\\ahmad\\job-demo\\node_modules\\mongoose\\lib\\query.js:1693:10)\n    at model.Query.Query._findOne (C:\\Users\\ahmad\\job-demo\\node_modules\\mongoose\\lib\\query.js:1931:8)\n    at process.nextTick (C:\\Users\\ahmad\\job-demo\\node_modules\\mongoose\\node_modules\\kareem\\index.js:369:33)\n    at _combinedTickCallback (internal/process/next_tick.js:131:7)\n    at process._tickCallback (internal/process/next_tick.js:180:9)","name":"CastError","stringValue":"\"categoryJop\"","kind":"ObjectId","value":"categoryJop","path":"_id","level":"error","timestamp":"2018-12-31T11:09:33.575Z"}
{"level":"info","message":"3000","timestamp":"2018-12-31T11:10:26.114Z"}
{"level":"info","message":"connected...","timestamp":"2018-12-31T11:10:27.208Z"}
{"message":"Cast to ObjectId failed for value \"categoryJop\" at path \"_id\" for model \"job\"","stack":"CastError: Cast to ObjectId failed for value \"categoryJop\" at path \"_id\" for model \"job\"\n    at new CastError (C:\\Users\\ahmad\\job-demo\\node_modules\\mongoose\\lib\\error\\cast.js:29:11)\n    at ObjectId.cast (C:\\Users\\ahmad\\job-demo\\node_modules\\mongoose\\lib\\schema\\objectid.js:156:13)\n    at ObjectId.SchemaType.applySetters (C:\\Users\\ahmad\\job-demo\\node_modules\\mongoose\\lib\\schematype.js:790:12)\n    at ObjectId.SchemaType._castForQuery (C:\\Users\\ahmad\\job-demo\\node_modules\\mongoose\\lib\\schematype.js:1193:15)\n    at ObjectId.SchemaType.castForQuery (C:\\Users\\ahmad\\job-demo\\node_modules\\mongoose\\lib\\schematype.js:1183:15)\n    at ObjectId.SchemaType.castForQueryWrapper (C:\\Users\\ahmad\\job-demo\\node_modules\\mongoose\\lib\\schematype.js:1162:15)\n    at cast (C:\\Users\\ahmad\\job-demo\\node_modules\\mongoose\\lib\\cast.js:306:32)\n    at model.Query.Query.cast (C:\\Users\\ahmad\\job-demo\\node_modules\\mongoose\\lib\\query.js:4065:12)\n    at model.Query.Query._castConditions (C:\\Users\\ahmad\\job-demo\\node_modules\\mongoose\\lib\\query.js:1693:10)\n    at model.Query.Query._findOne (C:\\Users\\ahmad\\job-demo\\node_modules\\mongoose\\lib\\query.js:1931:8)\n    at process.nextTick (C:\\Users\\ahmad\\job-demo\\node_modules\\mongoose\\node_modules\\kareem\\index.js:369:33)\n    at _combinedTickCallback (internal/process/next_tick.js:131:7)\n    at process._tickCallback (internal/process/next_tick.js:180:9)","name":"CastError","stringValue":"\"categoryJop\"","kind":"ObjectId","value":"categoryJop","path":"_id","level":"error","timestamp":"2018-12-31T11:10:33.731Z"}
{"level":"info","message":"3000","timestamp":"2018-12-31T11:10:42.534Z"}
{"level":"info","message":"connected...","timestamp":"2018-12-31T11:10:43.567Z"}
{"level":"info","message":"3000","timestamp":"2018-12-31T11:10:51.251Z"}
{"level":"info","message":"connected...","timestamp":"2018-12-31T11:10:52.300Z"}
{"message":"Cast to ObjectId failed for value \"categoryJop\" at path \"_id\" for model \"job\"","stack":"CastError: Cast to ObjectId failed for value \"categoryJop\" at path \"_id\" for model \"job\"\n    at new CastError (C:\\Users\\ahmad\\job-demo\\node_modules\\mongoose\\lib\\error\\cast.js:29:11)\n    at ObjectId.cast (C:\\Users\\ahmad\\job-demo\\node_modules\\mongoose\\lib\\schema\\objectid.js:156:13)\n    at ObjectId.SchemaType.applySetters (C:\\Users\\ahmad\\job-demo\\node_modules\\mongoose\\lib\\schematype.js:790:12)\n    at ObjectId.SchemaType._castForQuery (C:\\Users\\ahmad\\job-demo\\node_modules\\mongoose\\lib\\schematype.js:1193:15)\n    at ObjectId.SchemaType.castForQuery (C:\\Users\\ahmad\\job-demo\\node_modules\\mongoose\\lib\\schematype.js:1183:15)\n    at ObjectId.SchemaType.castForQueryWrapper (C:\\Users\\ahmad\\job-demo\\node_modules\\mongoose\\lib\\schematype.js:1162:15)\n    at cast (C:\\Users\\ahmad\\job-demo\\node_modules\\mongoose\\lib\\cast.js:306:32)\n    at model.Query.Query.cast (C:\\Users\\ahmad\\job-demo\\node_modules\\mongoose\\lib\\query.js:4065:12)\n    at model.Query.Query._castConditions (C:\\Users\\ahmad\\job-demo\\node_modules\\mongoose\\lib\\query.js:1693:10)\n    at model.Query.Query._findOne (C:\\Users\\ahmad\\job-demo\\node_modules\\mongoose\\lib\\query.js:1931:8)\n    at process.nextTick (C:\\Users\\ahmad\\job-demo\\node_modules\\mongoose\\node_modules\\kareem\\index.js:369:33)\n    at _combinedTickCallback (internal/process/next_tick.js:131:7)\n    at process._tickCallback (internal/process/next_tick.js:180:9)","name":"CastError","stringValue":"\"categoryJop\"","kind":"ObjectId","value":"categoryJop","path":"_id","level":"error","timestamp":"2018-12-31T11:10:52.520Z"}
{"level":"info","message":"3000","timestamp":"2018-12-31T11:11:04.310Z"}
{"message":"Cast to ObjectId failed for value \"categoryJop\" at path \"_id\" for model \"job\"","stack":"CastError: Cast to ObjectId failed for value \"categoryJop\" at path \"_id\" for model \"job\"\n    at new CastError (C:\\Users\\ahmad\\job-demo\\node_modules\\mongoose\\lib\\error\\cast.js:29:11)\n    at ObjectId.cast (C:\\Users\\ahmad\\job-demo\\node_modules\\mongoose\\lib\\schema\\objectid.js:156:13)\n    at ObjectId.SchemaType.applySetters (C:\\Users\\ahmad\\job-demo\\node_modules\\mongoose\\lib\\schematype.js:790:12)\n    at ObjectId.SchemaType._castForQuery (C:\\Users\\ahmad\\job-demo\\node_modules\\mongoose\\lib\\schematype.js:1193:15)\n    at ObjectId.SchemaType.castForQuery (C:\\Users\\ahmad\\job-demo\\node_modules\\mongoose\\lib\\schematype.js:1183:15)\n    at ObjectId.SchemaType.castForQueryWrapper (C:\\Users\\ahmad\\job-demo\\node_modules\\mongoose\\lib\\schematype.js:1162:15)\n    at cast (C:\\Users\\ahmad\\job-demo\\node_modules\\mongoose\\lib\\cast.js:306:32)\n    at model.Query.Query.cast (C:\\Users\\ahmad\\job-demo\\node_modules\\mongoose\\lib\\query.js:4065:12)\n    at model.Query.Query._castConditions (C:\\Users\\ahmad\\job-demo\\node_modules\\mongoose\\lib\\query.js:1693:10)\n    at model.Query.Query._findOne (C:\\Users\\ahmad\\job-demo\\node_modules\\mongoose\\lib\\query.js:1931:8)\n    at process.nextTick (C:\\Users\\ahmad\\job-demo\\node_modules\\mongoose\\node_modules\\kareem\\index.js:369:33)\n    at _combinedTickCallback (internal/process/next_tick.js:131:7)\n    at process._tickCallback (internal/process/next_tick.js:180:9)","name":"CastError","stringValue":"\"categoryJop\"","kind":"ObjectId","value":"categoryJop","path":"_id","level":"error","timestamp":"2018-12-31T11:11:05.027Z"}
{"level":"info","message":"connected...","timestamp":"2018-12-31T11:11:05.346Z"}
{"level":"info","message":"3000","timestamp":"2018-12-31T11:13:01.565Z"}
{"level":"info","message":"connected...","timestamp":"2018-12-31T11:13:02.608Z"}
{"level":"info","message":"3000","timestamp":"2018-12-31T11:13:08.600Z"}
{"level":"info","message":"connected...","timestamp":"2018-12-31T11:13:09.670Z"}
{"level":"info","message":"3000","timestamp":"2018-12-31T11:13:18.670Z"}
{"level":"info","message":"connected...","timestamp":"2018-12-31T11:13:19.707Z"}
{"message":"Cast to ObjectId failed for value \"categoryJop\" at path \"_id\" for model \"job\"","stack":"CastError: Cast to ObjectId failed for value \"categoryJop\" at path \"_id\" for model \"job\"\n    at new CastError (C:\\Users\\ahmad\\job-demo\\node_modules\\mongoose\\lib\\error\\cast.js:29:11)\n    at ObjectId.cast (C:\\Users\\ahmad\\job-demo\\node_modules\\mongoose\\lib\\schema\\objectid.js:156:13)\n    at ObjectId.SchemaType.applySetters (C:\\Users\\ahmad\\job-demo\\node_modules\\mongoose\\lib\\schematype.js:790:12)\n    at ObjectId.SchemaType._castForQuery (C:\\Users\\ahmad\\job-demo\\node_modules\\mongoose\\lib\\schematype.js:1193:15)\n    at ObjectId.SchemaType.castForQuery (C:\\Users\\ahmad\\job-demo\\node_modules\\mongoose\\lib\\schematype.js:1183:15)\n    at ObjectId.SchemaType.castForQueryWrapper (C:\\Users\\ahmad\\job-demo\\node_modules\\mongoose\\lib\\schematype.js:1162:15)\n    at cast (C:\\Users\\ahmad\\job-demo\\node_modules\\mongoose\\lib\\cast.js:306:32)\n    at model.Query.Query.cast (C:\\Users\\ahmad\\job-demo\\node_modules\\mongoose\\lib\\query.js:4065:12)\n    at model.Query.Query._castConditions (C:\\Users\\ahmad\\job-demo\\node_modules\\mongoose\\lib\\query.js:1693:10)\n    at model.Query.Query._findOne (C:\\Users\\ahmad\\job-demo\\node_modules\\mongoose\\lib\\query.js:1931:8)\n    at process.nextTick (C:\\Users\\ahmad\\job-demo\\node_modules\\mongoose\\node_modules\\kareem\\index.js:369:33)\n    at _combinedTickCallback (internal/process/next_tick.js:131:7)\n    at process._tickCallback (internal/process/next_tick.js:180:9)","name":"CastError","stringValue":"\"categoryJop\"","kind":"ObjectId","value":"categoryJop","path":"_id","level":"error","timestamp":"2018-12-31T11:13:22.098Z"}
{"level":"info","message":"3000","timestamp":"2018-12-31T11:13:46.240Z"}
{"level":"info","message":"connected...","timestamp":"2018-12-31T11:13:47.299Z"}
{"level":"info","message":"3000","timestamp":"2018-12-31T11:13:59.575Z"}
{"level":"info","message":"connected...","timestamp":"2018-12-31T11:14:00.617Z"}
{"message":"Cast to ObjectId failed for value \"categoryJop\" at path \"_id\" for model \"job\"","stack":"CastError: Cast to ObjectId failed for value \"categoryJop\" at path \"_id\" for model \"job\"\n    at new CastError (C:\\Users\\ahmad\\job-demo\\node_modules\\mongoose\\lib\\error\\cast.js:29:11)\n    at ObjectId.cast (C:\\Users\\ahmad\\job-demo\\node_modules\\mongoose\\lib\\schema\\objectid.js:156:13)\n    at ObjectId.SchemaType.applySetters (C:\\Users\\ahmad\\job-demo\\node_modules\\mongoose\\lib\\schematype.js:790:12)\n    at ObjectId.SchemaType._castForQuery (C:\\Users\\ahmad\\job-demo\\node_modules\\mongoose\\lib\\schematype.js:1193:15)\n    at ObjectId.SchemaType.castForQuery (C:\\Users\\ahmad\\job-demo\\node_modules\\mongoose\\lib\\schematype.js:1183:15)\n    at ObjectId.SchemaType.castForQueryWrapper (C:\\Users\\ahmad\\job-demo\\node_modules\\mongoose\\lib\\schematype.js:1162:15)\n    at cast (C:\\Users\\ahmad\\job-demo\\node_modules\\mongoose\\lib\\cast.js:306:32)\n    at model.Query.Query.cast (C:\\Users\\ahmad\\job-demo\\node_modules\\mongoose\\lib\\query.js:4065:12)\n    at model.Query.Query._castConditions (C:\\Users\\ahmad\\job-demo\\node_modules\\mongoose\\lib\\query.js:1693:10)\n    at model.Query.Query._findOne (C:\\Users\\ahmad\\job-demo\\node_modules\\mongoose\\lib\\query.js:1931:8)\n    at process.nextTick (C:\\Users\\ahmad\\job-demo\\node_modules\\mongoose\\node_modules\\kareem\\index.js:369:33)\n    at _combinedTickCallback (internal/process/next_tick.js:131:7)\n    at process._tickCallback (internal/process/next_tick.js:180:9)","name":"CastError","stringValue":"\"categoryJop\"","kind":"ObjectId","value":"categoryJop","path":"_id","level":"error","timestamp":"2018-12-31T11:14:01.366Z"}
{"level":"info","message":"3000","timestamp":"2018-12-31T11:14:12.928Z"}
{"message":"Cast to ObjectId failed for value \"categoryJop\" at path \"_id\" for model \"job\"","stack":"CastError: Cast to ObjectId failed for value \"categoryJop\" at path \"_id\" for model \"job\"\n    at new CastError (C:\\Users\\ahmad\\job-demo\\node_modules\\mongoose\\lib\\error\\cast.js:29:11)\n    at ObjectId.cast (C:\\Users\\ahmad\\job-demo\\node_modules\\mongoose\\lib\\schema\\objectid.js:156:13)\n    at ObjectId.SchemaType.applySetters (C:\\Users\\ahmad\\job-demo\\node_modules\\mongoose\\lib\\schematype.js:790:12)\n    at ObjectId.SchemaType._castForQuery (C:\\Users\\ahmad\\job-demo\\node_modules\\mongoose\\lib\\schematype.js:1193:15)\n    at ObjectId.SchemaType.castForQuery (C:\\Users\\ahmad\\job-demo\\node_modules\\mongoose\\lib\\schematype.js:1183:15)\n    at ObjectId.SchemaType.castForQueryWrapper (C:\\Users\\ahmad\\job-demo\\node_modules\\mongoose\\lib\\schematype.js:1162:15)\n    at cast (C:\\Users\\ahmad\\job-demo\\node_modules\\mongoose\\lib\\cast.js:306:32)\n    at model.Query.Query.cast (C:\\Users\\ahmad\\job-demo\\node_modules\\mongoose\\lib\\query.js:4065:12)\n    at model.Query.Query._castConditions (C:\\Users\\ahmad\\job-demo\\node_modules\\mongoose\\lib\\query.js:1693:10)\n    at model.Query.Query._findOne (C:\\Users\\ahmad\\job-demo\\node_modules\\mongoose\\lib\\query.js:1931:8)\n    at process.nextTick (C:\\Users\\ahmad\\job-demo\\node_modules\\mongoose\\node_modules\\kareem\\index.js:369:33)\n    at _combinedTickCallback (internal/process/next_tick.js:131:7)\n    at process._tickCallback (internal/process/next_tick.js:180:9)","name":"CastError","stringValue":"\"categoryJop\"","kind":"ObjectId","value":"categoryJop","path":"_id","level":"error","timestamp":"2018-12-31T11:14:13.207Z"}
{"level":"info","message":"connected...","timestamp":"2018-12-31T11:14:13.963Z"}
{"level":"info","message":"3000","timestamp":"2018-12-31T11:14:57.449Z"}
{"level":"info","message":"connected...","timestamp":"2018-12-31T11:14:58.489Z"}
{"level":"info","message":"3000","timestamp":"2018-12-31T11:15:15.508Z"}
{"level":"info","message":"connected...","timestamp":"2018-12-31T11:15:16.582Z"}
{"level":"info","message":"3000","timestamp":"2018-12-31T11:15:24.166Z"}
{"level":"info","message":"connected...","timestamp":"2018-12-31T11:15:25.221Z"}
{"message":"Cast to ObjectId failed for value \"categoryJop\" at path \"_id\" for model \"job\"","stack":"CastError: Cast to ObjectId failed for value \"categoryJop\" at path \"_id\" for model \"job\"\n    at new CastError (C:\\Users\\ahmad\\job-demo\\node_modules\\mongoose\\lib\\error\\cast.js:29:11)\n    at ObjectId.cast (C:\\Users\\ahmad\\job-demo\\node_modules\\mongoose\\lib\\schema\\objectid.js:156:13)\n    at ObjectId.SchemaType.applySetters (C:\\Users\\ahmad\\job-demo\\node_modules\\mongoose\\lib\\schematype.js:790:12)\n    at ObjectId.SchemaType._castForQuery (C:\\Users\\ahmad\\job-demo\\node_modules\\mongoose\\lib\\schematype.js:1193:15)\n    at ObjectId.SchemaType.castForQuery (C:\\Users\\ahmad\\job-demo\\node_modules\\mongoose\\lib\\schematype.js:1183:15)\n    at ObjectId.SchemaType.castForQueryWrapper (C:\\Users\\ahmad\\job-demo\\node_modules\\mongoose\\lib\\schematype.js:1162:15)\n    at cast (C:\\Users\\ahmad\\job-demo\\node_modules\\mongoose\\lib\\cast.js:306:32)\n    at model.Query.Query.cast (C:\\Users\\ahmad\\job-demo\\node_modules\\mongoose\\lib\\query.js:4065:12)\n    at model.Query.Query._castConditions (C:\\Users\\ahmad\\job-demo\\node_modules\\mongoose\\lib\\query.js:1693:10)\n    at model.Query.Query._findOne (C:\\Users\\ahmad\\job-demo\\node_modules\\mongoose\\lib\\query.js:1931:8)\n    at process.nextTick (C:\\Users\\ahmad\\job-demo\\node_modules\\mongoose\\node_modules\\kareem\\index.js:369:33)\n    at _combinedTickCallback (internal/process/next_tick.js:131:7)\n    at process._tickCallback (internal/process/next_tick.js:180:9)","name":"CastError","stringValue":"\"categoryJop\"","kind":"ObjectId","value":"categoryJop","path":"_id","level":"error","timestamp":"2018-12-31T11:15:30.923Z"}
{"level":"info","message":"3000","timestamp":"2018-12-31T11:15:44.235Z"}
{"level":"info","message":"connected...","timestamp":"2018-12-31T11:15:45.290Z"}
{"level":"info","message":"3000","timestamp":"2018-12-31T11:49:15.583Z"}
{"level":"info","message":"connected...","timestamp":"2018-12-31T11:49:16.631Z"}
{"level":"info","message":"3000","timestamp":"2018-12-31T11:57:42.646Z"}
{"level":"info","message":"connected...","timestamp":"2018-12-31T11:57:43.680Z"}
{"level":"info","message":"3000","timestamp":"2018-12-31T11:58:02.758Z"}
{"level":"info","message":"connected...","timestamp":"2018-12-31T11:58:03.798Z"}
{"level":"info","message":"3000","timestamp":"2018-12-31T12:02:53.670Z"}
{"level":"info","message":"connected...","timestamp":"2018-12-31T12:02:54.707Z"}
{"level":"info","message":"3000","timestamp":"2018-12-31T12:04:06.976Z"}
{"level":"info","message":"connected...","timestamp":"2018-12-31T12:04:08.027Z"}
{"level":"info","message":"3000","timestamp":"2018-12-31T12:09:22.408Z"}
{"level":"info","message":"connected...","timestamp":"2018-12-31T12:09:23.448Z"}
{"level":"info","message":"3000","timestamp":"2018-12-31T12:09:28.600Z"}
{"level":"info","message":"connected...","timestamp":"2018-12-31T12:09:29.668Z"}
{"level":"info","message":"3000","timestamp":"2018-12-31T12:10:08.514Z"}
{"level":"info","message":"connected...","timestamp":"2018-12-31T12:10:09.578Z"}
{"level":"info","message":"3000","timestamp":"2018-12-31T12:10:46.956Z"}
{"level":"info","message":"connected...","timestamp":"2018-12-31T12:10:48.004Z"}
{"level":"info","message":"3000","timestamp":"2018-12-31T12:11:02.371Z"}
{"level":"info","message":"connected...","timestamp":"2018-12-31T12:11:03.426Z"}
{"level":"info","message":"3000","timestamp":"2018-12-31T12:12:42.984Z"}
{"level":"info","message":"connected...","timestamp":"2018-12-31T12:12:44.025Z"}
{"level":"info","message":"3000","timestamp":"2018-12-31T12:13:02.455Z"}
{"level":"info","message":"connected...","timestamp":"2018-12-31T12:13:03.502Z"}
{"level":"info","message":"3000","timestamp":"2018-12-31T12:21:20.385Z"}
{"level":"info","message":"connected...","timestamp":"2018-12-31T12:21:21.472Z"}
{"level":"info","message":"3000","timestamp":"2018-12-31T12:24:49.740Z"}
{"level":"info","message":"connected...","timestamp":"2018-12-31T12:24:50.803Z"}
{"level":"info","message":"3000","timestamp":"2018-12-31T12:25:45.717Z"}
{"level":"info","message":"connected...","timestamp":"2018-12-31T12:25:46.764Z"}
{"level":"info","message":"3000","timestamp":"2018-12-31T12:27:39.671Z"}
{"level":"info","message":"connected...","timestamp":"2018-12-31T12:27:40.718Z"}
{"level":"info","message":"3000","timestamp":"2018-12-31T12:28:36.872Z"}
{"level":"info","message":"connected...","timestamp":"2018-12-31T12:28:37.918Z"}
{"level":"info","message":"3000","timestamp":"2018-12-31T12:28:54.544Z"}
{"level":"info","message":"connected...","timestamp":"2018-12-31T12:28:55.621Z"}
{"level":"info","message":"3000","timestamp":"2019-01-01T13:56:50.581Z"}
{"level":"info","message":"connected...","timestamp":"2019-01-01T13:56:51.679Z"}
{"level":"info","message":"3000","timestamp":"2019-01-01T14:01:52.302Z"}
{"level":"info","message":"connected...","timestamp":"2019-01-01T14:01:53.340Z"}
{"level":"info","message":"3000","timestamp":"2019-01-01T14:17:16.696Z"}
{"level":"info","message":"connected...","timestamp":"2019-01-01T14:17:17.731Z"}
{"level":"info","message":"3000","timestamp":"2019-01-01T14:17:22.518Z"}
{"level":"info","message":"connected...","timestamp":"2019-01-01T14:17:23.573Z"}
{"message":"job is not defined","stack":"ReferenceError: job is not defined\n    at module.exports.post (C:\\Users\\ahmad\\job-demo\\controllers\\jobsCntroller.js:90:18)\n    at <anonymous>\n    at process._tickCallback (internal/process/next_tick.js:188:7)","level":"error","timestamp":"2019-01-01T14:17:40.072Z"}
{"level":"info","message":"3000","timestamp":"2019-01-01T14:18:23.299Z"}
{"level":"info","message":"connected...","timestamp":"2019-01-01T14:18:24.337Z"}
{"level":"info","message":"3000","timestamp":"2019-01-01T14:18:46.267Z"}
{"level":"info","message":"connected...","timestamp":"2019-01-01T14:18:47.325Z"}
{"level":"info","message":"3000","timestamp":"2019-01-01T14:19:04.535Z"}
{"level":"info","message":"connected...","timestamp":"2019-01-01T14:19:05.641Z"}
{"level":"info","message":"3000","timestamp":"2019-01-01T14:24:31.894Z"}
{"level":"info","message":"3000","timestamp":"2019-01-01T14:24:35.112Z"}
{"level":"info","message":"connected...","timestamp":"2019-01-01T14:24:36.154Z"}
{"level":"info","message":"3000","timestamp":"2019-01-01T14:25:51.157Z"}
{"level":"info","message":"connected...","timestamp":"2019-01-01T14:25:52.347Z"}
{"level":"info","message":"3000","timestamp":"2019-01-01T14:26:25.798Z"}
{"level":"info","message":"connected...","timestamp":"2019-01-01T14:26:26.833Z"}
{"level":"info","message":"3000","timestamp":"2019-01-01T14:26:51.010Z"}
{"level":"info","message":"connected...","timestamp":"2019-01-01T14:26:52.052Z"}
{"level":"info","message":"3000","timestamp":"2019-01-01T14:28:16.126Z"}
{"level":"info","message":"connected...","timestamp":"2019-01-01T14:28:17.163Z"}
